Log file open, 07/13/21 03:35:43
LogWindows: Failed to load 'aqProf.dll' (GetLastError=126)
LogWindows: File 'aqProf.dll' does not exist
LogWindows: Failed to load 'VSPerf140.dll' (GetLastError=126)
LogWindows: File 'VSPerf140.dll' does not exist
LogWindows: Failed to load 'VtuneApi.dll' (GetLastError=126)
LogWindows: File 'VtuneApi.dll' does not exist
LogWindows: Failed to load 'VtuneApi32e.dll' (GetLastError=126)
LogWindows: File 'VtuneApi32e.dll' does not exist
LogInit: Display: Running engine for game: CoopGame
LogPlatformFile: Not using cached read wrapper
LogInit: Display: RandInit(1197867853) SRandInit(1197867853).
LogTaskGraph: Started task graph with 5 named threads and 20 total threads with 3 sets of task threads.
LogStats: Stats thread started at 0.407962
LogD3D11RHI: Aftermath initialized
LogPluginManager: Mounting plugin Paper2D
LogPluginManager: Mounting plugin LightPropagationVolume
LogPluginManager: Mounting plugin CodeLiteSourceCodeAccess
LogPluginManager: Mounting plugin GitSourceControl
LogPluginManager: Mounting plugin KDevelopSourceCodeAccess
LogPluginManager: Mounting plugin NullSourceCodeAccess
LogPluginManager: Mounting plugin PerforceSourceControl
LogPluginManager: Mounting plugin SubversionSourceControl
LogPluginManager: Mounting plugin UObjectPlugin
LogPluginManager: Mounting plugin VisualStudioSourceCodeAccess
LogPluginManager: Mounting plugin XCodeSourceCodeAccess
LogPluginManager: Mounting plugin AssetManagerEditor
LogPluginManager: Mounting plugin AudioCapture
LogPluginManager: Mounting plugin FacialAnimation
LogPluginManager: Mounting plugin GameplayTagsEditor
LogPluginManager: Mounting plugin MobileLauncherProfileWizard
LogPluginManager: Mounting plugin PluginBrowser
LogPluginManager: Mounting plugin SpeedTreeImporter
LogPluginManager: Mounting plugin AlembicImporter
LogPluginManager: Mounting plugin CharacterAI
LogPluginManager: Mounting plugin HTML5Networking
LogPluginManager: Mounting plugin AndroidMedia
LogPluginManager: Mounting plugin AvfMedia
LogPluginManager: Mounting plugin MediaPlayerEditor
LogPluginManager: Mounting plugin WmfMedia
LogPluginManager: Mounting plugin TcpMessaging
LogPluginManager: Mounting plugin UdpMessaging
LogPluginManager: Mounting plugin LevelSequenceEditor
LogPluginManager: Mounting plugin MatineeToLevelSequence
LogPluginManager: Mounting plugin OnlineSubsystemGooglePlay
LogPluginManager: Mounting plugin OnlineSubsystemIOS
LogPluginManager: Mounting plugin OnlineSubsystem
LogPluginManager: Mounting plugin OnlineSubsystemNull
LogPluginManager: Mounting plugin OnlineSubsystemUtils
LogPluginManager: Mounting plugin AndroidDeviceProfileSelector
LogPluginManager: Mounting plugin AndroidMoviePlayer
LogPluginManager: Mounting plugin AndroidPermission
LogPluginManager: Mounting plugin AppleMoviePlayer
LogPluginManager: Mounting plugin ArchVisCharacter
LogPluginManager: Mounting plugin CableComponent
LogPluginManager: Mounting plugin CustomMeshComponent
LogPluginManager: Mounting plugin ExampleDeviceProfileSelector
LogPluginManager: Mounting plugin GoogleCloudMessaging
LogPluginManager: Mounting plugin ImmediatePhysics
LogPluginManager: Mounting plugin IOSDeviceProfileSelector
LogPluginManager: Mounting plugin LinuxDeviceProfileSelector
LogPluginManager: Mounting plugin LocationServicesBPLibrary
LogPluginManager: Mounting plugin MobilePatchingUtils
LogPluginManager: Mounting plugin OculusVR
LogPluginManager: Mounting plugin PhysXVehicles
LogPluginManager: Mounting plugin ProceduralMeshComponent
LogPluginManager: Mounting plugin RuntimePhysXCooking
LogPluginManager: Mounting plugin SteamVR
LogPluginManager: Mounting plugin WindowsMoviePlayer
LogInit: Using libcurl 7.47.1
LogInit:  - built for x86_64-pc-win32
LogInit:  - supports SSL with OpenSSL/1.0.2g
LogInit:  - supports HTTP deflate (compression) using libz 1.2.8
LogInit:  - other features:
LogInit:      CURL_VERSION_SSL
LogInit:      CURL_VERSION_LIBZ
LogInit:      CURL_VERSION_IPV6
LogInit:      CURL_VERSION_ASYNCHDNS
LogInit:      CURL_VERSION_LARGEFILE
LogInit:      CURL_VERSION_IDN
LogInit:  CurlRequestOptions (configurable via config and command line):
LogInit:  - bVerifyPeer = false  - Libcurl will NOT verify peer certificate
LogInit:  - bUseHttpProxy = false  - Libcurl will NOT use HTTP proxy
LogInit:  - bDontReuseConnections = false  - Libcurl will reuse connections
LogInit:  - CertBundlePath = nullptr  - Libcurl will use whatever was configured at build time.
LogInit: Build: ++UE4+Release-4.17-CL-3658906
LogInit: Engine Version: 4.17.2-3658906+++UE4+Release-4.17
LogInit: Compatible Engine Version: 4.17.0-3573198+++UE4+Release-4.17
LogInit: Net CL: 3573198
LogDevObjectVersion: Number of dev versions registered: 16
LogDevObjectVersion:   Dev-Blueprints (B0D832E4-1F89-4F0D-ACCF-7EB736FD4AA2): 10
LogDevObjectVersion:   Dev-Build (E1C64328-A22C-4D53-A36C-8E866417BD8C): 0
LogDevObjectVersion:   Dev-Core (375EC13C-06E4-48FB-B500-84F0262A717E): 2
LogDevObjectVersion:   Dev-Editor (E4B068ED-F494-42E9-A231-DA0B2E46BB41): 20
LogDevObjectVersion:   Dev-Framework (CFFC743F-43B0-4480-9391-14DF171D2073): 28
LogDevObjectVersion:   Dev-Mobile (B02B49B5-BB20-44E9-A304-32B752E40360): 0
LogDevObjectVersion:   Dev-Networking (A4E4105C-59A1-49B5-A7C5-40C4547EDFEE): 0
LogDevObjectVersion:   Dev-Online (39C831C9-5AE6-47DC-9A44-9C173E1C8E7C): 0
LogDevObjectVersion:   Dev-Physics (78F01B33-EBEA-4F98-B9B4-84EACCB95AA2): 0
LogDevObjectVersion:   Dev-Platform (6631380F-2D4D-43E0-8009-CF276956A95A): 0
LogDevObjectVersion:   Dev-Rendering (12F88B9F-8875-4AFC-A67C-D90C383ABD29): 19
LogDevObjectVersion:   Dev-Sequencer (7B5AE74C-D270-4C10-A958-57980B212A5A): 4
LogDevObjectVersion:   Dev-VR (D7296918-1DD6-4BDD-9DE2-64A83CC13884): 0
LogDevObjectVersion:   Dev-LoadTimes (C2A15278-BFE7-4AFE-6C17-90FF531DF755): 1
LogDevObjectVersion:   Private-Geometry (6EACA3D4-40EC-4CC1-B786-8BED09428FC5): 1
LogDevObjectVersion:   Dev-AnimPhys (29E575DD-E0A3-4627-9D10-D276232CDCEA): 7
LogInit: Compiled (64-bit): Sep 22 2017 13:47:16
LogInit: Compiled with Visual C++: 19.00.24215.01
LogInit: Build Configuration: Development
LogInit: Branch Name: ++UE4+Release-4.17
LogInit: Command line:  -skipcompile
LogInit: Base directory: D:/UE4/UE_4.17/Engine/Binaries/Win64/
LogInit: Installed Engine Build: 1
LogInit: Presizing for max 8388607 objects, including 0 objects not considered by GC, pre-allocating 0 bytes for permanent pool.
LogInit: Object subsystem initialized
[2021.07.12-18.35.44:758][  0]LogInit: Selected Device Profile: [Windows]
[2021.07.12-18.35.44:758][  0]LogInit: Applying CVar settings loaded from the selected device profile: [Windows]
[2021.07.12-18.35.44:771][  0]LogInit: Computer: DESKTOP-0H274VF
[2021.07.12-18.35.44:771][  0]LogInit: User: helirang
[2021.07.12-18.35.44:771][  0]LogInit: CPU Page size=4096, Cores=6
[2021.07.12-18.35.44:771][  0]LogInit: High frequency timer resolution =10.000000 MHz
[2021.07.12-18.35.44:772][  0]LogMemory: Memory total: Physical=15.9GB (16GB approx)
[2021.07.12-18.35.44:772][  0]LogMemory: Platform Memory Stats for Windows
[2021.07.12-18.35.44:772][  0]LogMemory: Process Physical Memory: 282.11 MB used, 282.12 MB peak
[2021.07.12-18.35.44:772][  0]LogMemory: Process Virtual Memory: 280.80 MB used, 280.80 MB peak
[2021.07.12-18.35.44:772][  0]LogMemory: Physical Memory: 9757.85 MB used,  6484.39 MB free, 16242.23 MB total
[2021.07.12-18.35.44:772][  0]LogMemory: Virtual Memory: 4799.81 MB used,  6484.39 MB free, 134217728.00 MB total
[2021.07.12-18.35.45:074][  0]LogInit: Using OS detected language (ko-KR).
[2021.07.12-18.35.45:074][  0]LogInit: Using OS detected locale (ko-KR).
[2021.07.12-18.35.45:078][  0]LogTextLocalizationManager: No specific localization for 'ko-KR' exists, so the 'ko' localization will be used.
[2021.07.12-18.35.45:718][  0]LogD3D11RHI: D3D11 adapters:
[2021.07.12-18.35.45:898][  0]LogD3D11RHI:    0. 'NVIDIA GeForce GTX 1650' (Feature Level 11_0)
[2021.07.12-18.35.45:898][  0]LogD3D11RHI:       3962/0/8121 MB DedicatedVideo/DedicatedSystem/SharedSystem, Outputs:1, VendorId:0x10de
[2021.07.12-18.35.46:438][  0]LogD3D11RHI:    1. 'Intel(R) UHD Graphics 630' (Feature Level 11_0)
[2021.07.12-18.35.46:439][  0]LogD3D11RHI:       128/0/8121 MB DedicatedVideo/DedicatedSystem/SharedSystem, Outputs:1, VendorId:0x8086
[2021.07.12-18.35.46:445][  0]LogD3D11RHI:    2. 'Microsoft Basic Render Driver' (Feature Level 11_0)
[2021.07.12-18.35.46:445][  0]LogD3D11RHI:       0/0/8121 MB DedicatedVideo/DedicatedSystem/SharedSystem, Outputs:0, VendorId:0x1414
[2021.07.12-18.35.46:446][  0]LogD3D11RHI: Chosen D3D11 Adapter: 0
[2021.07.12-18.35.46:455][  0]LogD3D11RHI: Creating new Direct3DDevice
[2021.07.12-18.35.46:455][  0]LogD3D11RHI:     GPU DeviceId: 0x1f91 (for the marketing name, search the web for "GPU Device Id")
[2021.07.12-18.35.46:455][  0]LogWindows: EnumDisplayDevices:
[2021.07.12-18.35.46:456][  0]LogWindows:    0. 'Intel(R) UHD Graphics 630' (P:0 D:1)
[2021.07.12-18.35.46:456][  0]LogWindows:    1. 'Intel(R) UHD Graphics 630' (P:0 D:0)
[2021.07.12-18.35.46:457][  0]LogWindows:    2. 'Intel(R) UHD Graphics 630' (P:0 D:0)
[2021.07.12-18.35.46:458][  0]LogWindows:    3. 'NVIDIA GeForce GTX 1650' (P:1 D:1)
[2021.07.12-18.35.46:459][  0]LogWindows:    4. 'NVIDIA GeForce GTX 1650' (P:0 D:0)
[2021.07.12-18.35.46:460][  0]LogWindows:    5. 'NVIDIA GeForce GTX 1650' (P:0 D:0)
[2021.07.12-18.35.46:461][  0]LogWindows:    6. 'NVIDIA GeForce GTX 1650' (P:0 D:0)
[2021.07.12-18.35.46:461][  0]LogWindows: DebugString: GetVideoDriverDetailsInvalid PrimaryIsNotTheChoosenAdapter GetVideoDriverDetailsInvalid PrimaryIsNotTheChoosenAdapter GetVideoDriverDetailsInvalid PrimaryIsNotTheChoosenAdapter GetVideoDriverDetailsInvalid PrimaryIsNotTheChoosenAdapter GetVideoDriverDetailsInvalid PrimaryIsNotTheChoosenAdapter GetVideoDriverDetailsInvalid PrimaryIsNotTheChoosenAdapter GetVideoDriverDetailsInvalid PrimaryIsNotTheChoosenAdapter FoundDriverCount:0 
[2021.07.12-18.35.46:461][  0]LogD3D11RHI:     Adapter Name: NVIDIA GeForce GTX 1650
[2021.07.12-18.35.46:462][  0]LogD3D11RHI:   Driver Version: Unknown (internal:Unknown, unified:Unknown)
[2021.07.12-18.35.46:462][  0]LogD3D11RHI:      Driver Date: Unknown
[2021.07.12-18.35.46:462][  0]LogRHI: Texture pool is 1361 MB (70% of 1945 MB)
[2021.07.12-18.35.46:578][  0]LogD3D11RHI: Async texture creation enabled
[2021.07.12-18.35.46:594][  0]LogD3D11RHI: GPU Timing Frequency: 1000.000000 (Debug: 2 1)
[2021.07.12-18.35.46:610][  0]LogShaderCompilers: Guid format shader working directory is -38 characters bigger than the processId version (../../../../../UE4PROJECT/NowProject/Udemy_MultiPractice/MultiPractice_2_Alpa/CoopGame/Intermediate/Shaders/WorkingDirectory/14420/).
[2021.07.12-18.35.46:610][  0]LogShaderCompilers: Cleaned the shader compiler working directory 'C:/Users/helirang/AppData/Local/Temp/UnrealShaderWorkingDir/B22685AF4D24BCD75D070BAD20A6C769/'.
[2021.07.12-18.35.46:610][  0]LogShaderCompilers: Display: Using Local Shader Compiler.
[2021.07.12-18.35.47:589][  0]LogTemp: Display: Loaded TP AllDesktopTargetPlatform
[2021.07.12-18.35.47:648][  0]LogTemp: Display: Loaded TP MacClientTargetPlatform
[2021.07.12-18.35.47:709][  0]LogTemp: Display: Loaded TP MacNoEditorTargetPlatform
[2021.07.12-18.35.47:768][  0]LogTemp: Display: Loaded TP MacServerTargetPlatform
[2021.07.12-18.35.47:828][  0]LogTemp: Display: Loaded TP MacTargetPlatform
[2021.07.12-18.35.47:885][  0]LogTemp: Display: Loaded TP WindowsClientTargetPlatform
[2021.07.12-18.35.47:942][  0]LogTemp: Display: Loaded TP WindowsNoEditorTargetPlatform
[2021.07.12-18.35.48:003][  0]LogTemp: Display: Loaded TP WindowsServerTargetPlatform
[2021.07.12-18.35.48:052][  0]LogTemp: Display: Loaded TP WindowsTargetPlatform
[2021.07.12-18.35.48:107][  0]LogTemp: Display: Loaded TP AndroidTargetPlatform
[2021.07.12-18.35.48:170][  0]LogTemp: Display: Loaded TP Android_ASTCTargetPlatform
[2021.07.12-18.35.48:232][  0]LogTemp: Display: Loaded TP Android_ATCTargetPlatform
[2021.07.12-18.35.48:304][  0]LogTemp: Display: Loaded TP Android_DXTTargetPlatform
[2021.07.12-18.35.48:382][  0]LogTemp: Display: Loaded TP Android_ETC1TargetPlatform
[2021.07.12-18.35.48:453][  0]LogTemp: Display: Loaded TP Android_ETC2TargetPlatform
[2021.07.12-18.35.48:587][  0]LogTemp: Display: Loaded TP Android_MultiTargetPlatform
[2021.07.12-18.35.48:587][  0]LogTemp: Display: Loaded TP Android_PVRTCTargetPlatform
[2021.07.12-18.35.48:650][  0]LogTemp: Display: Loaded TP HTML5TargetPlatform
[2021.07.12-18.35.48:795][  0]LogTemp: Display: Loaded TP IOSTargetPlatform
[2021.07.12-18.35.48:834][  0]LogTemp: Display: Loaded TP TVOSTargetPlatform
[2021.07.12-18.35.48:907][  0]LogTemp: Display: Loaded TP LinuxClientTargetPlatform
[2021.07.12-18.35.48:980][  0]LogTemp: Display: Loaded TP LinuxNoEditorTargetPlatform
[2021.07.12-18.35.49:066][  0]LogTemp: Display: Loaded TP LinuxServerTargetPlatform
[2021.07.12-18.35.49:140][  0]LogTemp: Display: Loaded TP LinuxTargetPlatform
[2021.07.12-18.35.49:140][  0]LogTargetPlatformManager: Display: Building Assets For Windows
[2021.07.12-18.35.49:852][  0]LogDerivedDataCache: Display: Max Cache Size: 512 MB
[2021.07.12-18.35.49:939][  0]LogDerivedDataCache: Loaded boot cache 0.09s 93MB C:/Users/helirang/AppData/Local/UnrealEngine/4.17/DerivedDataCache/Boot.ddc.
[2021.07.12-18.35.49:939][  0]LogDerivedDataCache: Display: Loaded Boot cache: C:/Users/helirang/AppData/Local/UnrealEngine/4.17/DerivedDataCache/Boot.ddc
[2021.07.12-18.35.49:939][  0]LogDerivedDataCache: FDerivedDataBackendGraph:  Pak pak cache file ../../../../../UE4PROJECT/NowProject/Udemy_MultiPractice/MultiPractice_2_Alpa/CoopGame/DerivedDataCache/DDC.ddp not found, will not use a pak cache.
[2021.07.12-18.35.49:939][  0]LogDerivedDataCache: Unable to find inner node Pak for hierarchical cache Hierarchy.
[2021.07.12-18.35.49:939][  0]LogDerivedDataCache: FDerivedDataBackendGraph:  CompressedPak pak cache file ../../../../../UE4PROJECT/NowProject/Udemy_MultiPractice/MultiPractice_2_Alpa/CoopGame/DerivedDataCache/Compressed.ddp not found, will not use a pak cache.
[2021.07.12-18.35.49:939][  0]LogDerivedDataCache: Unable to find inner node CompressedPak for hierarchical cache Hierarchy.
[2021.07.12-18.35.49:952][  0]LogDerivedDataCache: Display: Pak cache opened for reading ../../../Engine/DerivedDataCache/Compressed.ddp.
[2021.07.12-18.35.49:965][  0]LogDerivedDataCache: Using Local data cache path C:/Users/helirang/AppData/Local/UnrealEngine/Common/DerivedDataCache: Writable
[2021.07.12-18.35.49:975][  0]LogMaterial: Verifying Global Shaders for PCD3D_SM5
[2021.07.12-18.35.49:975][  0]LogSlate: Using Freetype 2.6.0
[2021.07.12-18.35.49:976][  0]LogSlate: SlateFontCache - WITH_FREETYPE: 1, WITH_HARFBUZZ: 1
[2021.07.12-18.35.49:976][  0]LogSlate: SlateFontCache - WITH_FREETYPE: 1, WITH_HARFBUZZ: 1
[2021.07.12-18.35.50:276][  0]LogAssetRegistry: FAssetRegistry took 0.0304 seconds to start up
[2021.07.12-18.35.50:391][  0]LogInit: Selected Device Profile: [Windows]
[2021.07.12-18.35.50:552][  0]LogContentStreaming: Texture pool size is 0.00 MB
[2021.07.12-18.35.50:907][  0]LogSimplygon: Simplygon DLL not present - disabling.
[2021.07.12-18.35.50:973][  0]LogMeshReduction: Using SimplygonSwarm for distributed automatic mesh merging
[2021.07.12-18.35.50:974][  0]LogMeshReduction: Using QuadricMeshReduction for automatic static mesh reduction
[2021.07.12-18.35.50:974][  0]LogMeshReduction: No automatic skeletal mesh reduction module available
[2021.07.12-18.35.50:974][  0]LogMeshReduction: No automatic mesh merging module available
[2021.07.12-18.35.50:974][  0]LogMeshMerging: No automatic mesh merging module available
[2021.07.12-18.35.51:317][  0]LogNetVersion: CoopGame , NetCL: 3573198, EngineNetVer: 2, GameNetVer: 0 (Checksum: 471078940)
[2021.07.12-18.35.51:533][  0]LogPackageLocalizationCache: Processed 5 localized package path(s) for 2 prioritized culture(s) in 0.036636 seconds
[2021.07.12-18.35.51:537][  0]LogUObjectArray: 35825 objects as part of root set at end of initial load.
[2021.07.12-18.35.51:538][  0]LogUObjectAllocator: 7529104 out of 0 bytes used by permanent object pool.
[2021.07.12-18.35.51:538][  0]LogUObjectArray: CloseDisregardForGC: 0/0 objects in disregard for GC pool
[2021.07.12-18.35.51:618][  0]LogInit: WinSock: version 1.1 (2.2), MaxSocks=32767, MaxUdp=65467
[2021.07.12-18.35.54:490][  0]LogTcpMessaging: Initializing TcpMessaging bridge
[2021.07.12-18.35.54:534][  0]LogUdpMessaging: Initializing bridge on interface 0.0.0.0:0 to multicast group 230.0.0.1:6666.
[2021.07.12-18.35.55:389][  0]LogMaterial: Uniform references updated for custom material expression Custom.
[2021.07.12-18.35.55:853][  0]SourceControl: 소스 콘트롤이 꺼졌습니다.
[2021.07.12-18.35.55:853][  0]SourceControl: 소스 콘트롤이 꺼졌습니다.
[2021.07.12-18.35.55:906][  0]SourceControl: 소스 콘트롤이 꺼졌습니다.
[2021.07.12-18.35.55:963][  0]SourceControl: 소스 콘트롤이 꺼졌습니다.
[2021.07.12-18.35.56:631][  0]LogAndroidPermission: UAndroidPermissionCallbackProxy::GetInstance
[2021.07.12-18.35.56:900][  0]LogOcInput: OculusInput pre-init called
[2021.07.12-18.35.57:191][  0]LogEngine: Initializing Engine...
[2021.07.12-18.36.02:716][  0]LogHMD: Failed to initialize OpenVR with code 108
[2021.07.12-18.36.02:941][  0]LogStats: UGameplayTagsManager::ConstructGameplayTagTree: Construct from data asset -  0.000 s
[2021.07.12-18.36.02:941][  0]LogStats: UGameplayTagsManager::ConstructGameplayTagTree: GameplayTagTreeChangedEvent.Broadcast -  0.000 s
[2021.07.12-18.36.03:100][  0]LogAIModule: Creating AISystem for world Untitled
[2021.07.12-18.36.03:188][  0]LogInit: XAudio2 using 'Headphones(High Definition Audio Device)' : 2 channels at 48 kHz using 16 bits per sample (channel mask 0x3)
[2021.07.12-18.36.03:245][  0]LogInit: FAudioDevice initialized.
[2021.07.12-18.36.03:312][  0]LogDerivedDataCache: Saved boot cache 0.07s 93MB C:/Users/helirang/AppData/Local/UnrealEngine/4.17/DerivedDataCache/Boot.ddc.
[2021.07.12-18.36.03:322][  0]LogInit: Texture streaming: Enabled
[2021.07.12-18.36.03:510][  0]LogEngineSessionManager: EngineSessionManager initialized
[2021.07.12-18.36.03:799][  0]LogInit: Transaction tracking system initialized
[2021.07.12-18.36.04:298][  0]BlueprintLog: New page: 에디터 로드
[2021.07.12-18.36.05:603][  0]LocalizationService: 현지화 서비스가 비활성화되었습니다.
[2021.07.12-18.36.06:472][  0]LogConsoleResponse: Display: 
[2021.07.12-18.36.06:663][  0]LogCook: Display: Max memory allowance for cook 16384mb min free memory 0mb
[2021.07.12-18.36.06:663][  0]LogCook: Display: Mobile HDR setting 1
[2021.07.12-18.36.06:664][  0]LogGameplayTags: Display: UGameplayTagsManager::DoneAddingNativeTags. DelegateIsBound: 0
[2021.07.12-18.36.07:498][  0]LogFileCache: Scanning file cache for directory 'D:/UE4PROJECT/NowProject/Udemy_MultiPractice/MultiPractice_2_Alpa/CoopGame/Content/' took 0.01s
[2021.07.12-18.36.07:919][  0]SourceControl: 소스 콘트롤이 꺼졌습니다.
[2021.07.12-18.36.07:920][  0]Cmd: MAP LOAD FILE="../../../Engine/Content/Maps/Templates/Template_Default.umap" TEMPLATE=1 SHOWPROGRESS=1 FEATURELEVEL=3
[2021.07.12-18.36.07:920][  0]LightingResults: New page: 라이팅 빌드
[2021.07.12-18.36.07:963][  0]MapCheck: New page: 맵 체크
[2021.07.12-18.36.07:963][  0]LightingResults: New page: 라이팅 빌드
[2021.07.12-18.36.08:127][  0]LogAIModule: Creating AISystem for world Untitled_1
[2021.07.12-18.36.08:137][  0]LogEditorServer: Finished looking for orphan Actors (0.000 secs)
[2021.07.12-18.36.08:155][  0]Cmd: MAP CHECKDEP NOCLEARLOG
[2021.07.12-18.36.08:217][  0]MapCheck: 맵 체크 완료: 오류 0 회, 경고 0 회, 소요 시간 62.624ms.
[2021.07.12-18.36.08:217][  0]LogFileHelpers: Loading map 'Template_Default' took 0.298
[2021.07.12-18.36.08:391][  0]LogCollectionManager: Loaded 0 collections in 0.000972 seconds
[2021.07.12-18.36.08:485][  0]LogFileCache: Scanning file cache for directory 'D:/UE4PROJECT/NowProject/Udemy_MultiPractice/MultiPractice_2_Alpa/CoopGame/Saved/Collections/' took 0.01s
[2021.07.12-18.36.08:485][  0]LogFileCache: Scanning file cache for directory 'D:/UE4PROJECT/NowProject/Udemy_MultiPractice/MultiPractice_2_Alpa/CoopGame/Content/Developers/helirang/Collections/' took 0.01s
[2021.07.12-18.36.08:485][  0]LogFileCache: Scanning file cache for directory 'D:/UE4PROJECT/NowProject/Udemy_MultiPractice/MultiPractice_2_Alpa/CoopGame/Content/Collections/' took 0.01s
[2021.07.12-18.36.08:485][  0]LogCollectionManager: Rebuilt the GUID cache for 0 collections in 0.000001 seconds
[2021.07.12-18.36.08:495][  0]LogContentBrowser: Native class hierarchy populated in 0.0091 seconds. Added 2388 classes and 503 folders.
[2021.07.12-18.36.08:564][  0]LogContentBrowser: Native class hierarchy updated for 'WidgetCarousel' in 0.0032 seconds. Added 0 classes and 0 folders.
[2021.07.12-18.36.08:618][  0]LogContentBrowser: Native class hierarchy updated for 'AddContentDialog' in 0.0028 seconds. Added 0 classes and 0 folders.
[2021.07.12-18.36.08:669][  0]LogContentBrowser: Native class hierarchy updated for 'SceneOutliner' in 0.0027 seconds. Added 1 classes and 2 folders.
[2021.07.12-18.36.08:697][  0]LogSlate: Took 0.000349 seconds to synchronously load lazily loaded font '../../../Engine/Content/Slate/Fonts/Roboto-Regular.ttf' (155K)
[2021.07.12-18.36.08:702][  0]LogSlate: Took 0.004615 seconds to synchronously load lazily loaded font '../../../Engine/Content/Slate/Fonts/NanumGothic.ttf' (4243K)
[2021.07.12-18.36.08:704][  0]LogSlate: Took 0.000434 seconds to synchronously load lazily loaded font '../../../Engine/Content/Slate/Fonts/Roboto-Bold.ttf' (160K)
[2021.07.12-18.36.08:709][  0]LogSlate: Took 0.000233 seconds to synchronously load lazily loaded font '../../../Engine/Content/Editor/Slate/Fonts/FontAwesome.ttf' (139K)
[2021.07.12-18.36.08:819][  0]LogRenderer: Reallocating scene render targets to support 1208x576 Format 10 NumSamples 1 (Frame:1).
[2021.07.12-18.36.09:541][  0]LogContentBrowser: Native class hierarchy updated for 'HierarchicalLODOutliner' in 0.0027 seconds. Added 1 classes and 2 folders.
[2021.07.12-18.36.09:541][  0]LogLoad: (Engine Initialization) Total time: 27.57 seconds
[2021.07.12-18.36.09:541][  0]LogLoad: (Engine Initialization) Total Blueprint compile time: 0.00 seconds
[2021.07.12-18.36.09:541][  0]LogExternalProfiler: No external profilers were discovered.  External profiling features will not be available.
[2021.07.12-18.36.09:580][  0]LogAssetRegistry: Asset discovery search completed in 19.3307 seconds
[2021.07.12-18.36.09:583][  0]LogCollectionManager: Rebuilt the object cache for 0 collections in 0.000001 seconds (found 0 objects)
[2021.07.12-18.36.09:583][  0]LogCollectionManager: Fixed up redirectors for 0 collections in 0.000157 seconds (updated 0 objects)
[2021.07.12-18.36.09:585][  0]LogContentStreaming: Texture pool size now 1000 MB
[2021.07.12-18.36.09:634][  0]LogSlate: Took 0.000179 seconds to synchronously load lazily loaded font '../../../Engine/Content/Slate/Fonts/Roboto-Light.ttf' (159K)
[2021.07.12-18.36.13:769][ 57]LogSlate: Took 0.000220 seconds to synchronously load lazily loaded font '../../../Engine/Content/Slate/Fonts/Roboto-Light.ttf' (159K)
[2021.07.12-18.36.13:797][ 57]LogAIModule: Creating AISystem for world P_TestMap
[2021.07.12-18.36.13:819][ 57]Cmd: MAP LOAD FILE="../../../../../UE4PROJECT/NowProject/Udemy_MultiPractice/MultiPractice_2_Alpa/CoopGame/Content/Maps/P_TestMap.umap" TEMPLATE=0 SHOWPROGRESS=1 FEATURELEVEL=3
[2021.07.12-18.36.13:819][ 57]LightingResults: New page: 라이팅 빌드
[2021.07.12-18.36.13:821][ 57]LoadErrors: New page: 맵 로드중: P_TestMap.umap
[2021.07.12-18.36.13:821][ 57]MapCheck: New page: 맵 체크
[2021.07.12-18.36.13:821][ 57]LightingResults: New page: 라이팅 빌드
[2021.07.12-18.36.13:838][ 57]LogEditorServer: Finished looking for orphan Actors (0.000 secs)
[2021.07.12-18.36.13:867][ 57]Cmd: MAP CHECKDEP NOCLEARLOG
[2021.07.12-18.36.13:937][ 57]MapCheck: 맵 체크 완료: 오류 0 회, 경고 0 회, 소요 시간 69.739ms.
[2021.07.12-18.36.13:937][ 57]LogFileHelpers: Loading map 'P_TestMap' took 0.118
[2021.07.12-18.36.18:798][347]LogEditorViewport: Clicking on Actor (LMB): BP_PlayerPawn_C (BP_PlayerPawn)
[2021.07.12-18.36.20:313][403]LogContentBrowser: Native class hierarchy updated for 'BlueprintGraph' in 0.0028 seconds. Added 113 classes and 0 folders.
[2021.07.12-18.36.20:811][403]LogSlate: Took 0.000202 seconds to synchronously load lazily loaded font '../../../Engine/Content/Slate/Fonts/Roboto-Regular.ttf' (155K)
[2021.07.12-18.36.22:385][457]LogSlate: Took 0.000248 seconds to synchronously load lazily loaded font '../../../Engine/Content/Editor/Slate/Fonts/Roboto-BoldCondensed.ttf' (158K)
[2021.07.12-18.36.22:437][458]LogSlate: Took 0.000547 seconds to synchronously load lazily loaded font '../../../Engine/Content/Editor/Slate/Fonts/Roboto-Italic.ttf' (157K)
[2021.07.12-18.36.23:504][516]LogRenderer: Reallocating scene render targets to support 1208x900 Format 10 NumSamples 1 (Frame:1).
[2021.07.12-18.37.11:821][ 20]BlueprintLog: New page: BP_PlayerPawn 컴파일
[2021.07.12-18.37.12:735][ 20]LogSavePackage: Save=28.08ms
[2021.07.12-18.37.12:735][ 20]LogSavePackage: Moving '../../../../../UE4PROJECT/NowProject/Udemy_MultiPractice/MultiPractice_2_Alpa/CoopGame/Saved/BP_PlayerPawnCFED5CCD4CDBE6CF92FA7EA86C84FAF6.tmp' to '../../../../../UE4PROJECT/NowProject/Udemy_MultiPractice/MultiPractice_2_Alpa/CoopGame/Content/BluePrints/BP_PlayerPawn.uasset'
[2021.07.12-18.37.12:738][ 20]LogSavePackage: Display: Finished SavePackage ../../../../../UE4PROJECT/NowProject/Udemy_MultiPractice/MultiPractice_2_Alpa/CoopGame/Content/BluePrints/BP_PlayerPawn.uasset
[2021.07.12-18.37.13:496][ 57]LogTemp: Repeating last play command: 선택된 뷰포트
[2021.07.12-18.37.13:521][ 57]LogPlayLevel: PlayLevel: No blueprints needed recompiling
[2021.07.12-18.37.13:522][ 57]PIE: New page: PIE 세션: P_TestMap (2021. 7. 13. 오후 12:37:13)
[2021.07.12-18.37.13:522][ 57]LogPlayLevel: Creating play world package: /Game/Maps/UEDPIE_0_P_TestMap
[2021.07.12-18.37.13:524][ 57]LogPlayLevel: PIE: StaticDuplicateObject took: (0.001834s)
[2021.07.12-18.37.13:525][ 57]LogAIModule: Creating AISystem for world P_TestMap
[2021.07.12-18.37.13:525][ 57]LogPlayLevel: PIE: World Init took: (0.001246s)
[2021.07.12-18.37.13:526][ 57]LogPlayLevel: PIE: Created PIE world by copying editor world from /Game/Maps/P_TestMap.P_TestMap to /Game/Maps/UEDPIE_0_P_TestMap.P_TestMap (0.003753s)
[2021.07.12-18.37.13:640][ 57]LogInit: XAudio2 using 'Headphones(High Definition Audio Device)' : 2 channels at 48 kHz using 16 bits per sample (channel mask 0x3)
[2021.07.12-18.37.13:669][ 57]LogInit: FAudioDevice initialized.
[2021.07.12-18.37.13:723][ 57]LogLoad: Game class is 'GameModeBase'
[2021.07.12-18.37.13:726][ 57]LogWorld: Bringing World /Game/Maps/UEDPIE_0_P_TestMap.P_TestMap up for play (max tick rate 60) at 2021.07.13-03.37.13
[2021.07.12-18.37.13:726][ 57]LogWorld: Bringing up level for play took: 0.001294
[2021.07.12-18.37.13:773][ 57]LogContentBrowser: Native class hierarchy updated for 'MovieSceneCapture' in 0.0026 seconds. Added 11 classes and 0 folders.
[2021.07.12-18.37.13:774][ 57]PIE: /Game/Maps/UEDPIE_0_P_TestMap 에 대한 에디터에서 플레이 시작 시간: 1.246
[2021.07.12-18.37.21:811][501]LogSavePackage: Save=27.56ms
[2021.07.12-18.37.21:811][501]LogSavePackage: Moving '../../../../../UE4PROJECT/NowProject/Udemy_MultiPractice/MultiPractice_2_Alpa/CoopGame/Saved/P_TestMap9883CF614365EDEE1618E4901D4798E1.tmp' to '../../../../../UE4PROJECT/NowProject/Udemy_MultiPractice/MultiPractice_2_Alpa/CoopGame/Content/Maps/P_TestMap.umap'
[2021.07.12-18.37.21:814][501]LogSavePackage: Display: Finished SavePackage ../../../../../UE4PROJECT/NowProject/Udemy_MultiPractice/MultiPractice_2_Alpa/CoopGame/Content/Maps/P_TestMap.umap
[2021.07.12-18.37.21:843][501]LogSavePackage: Save=10.07ms
[2021.07.12-18.37.21:843][501]LogSavePackage: Moving '../../../../../UE4PROJECT/NowProject/Udemy_MultiPractice/MultiPractice_2_Alpa/CoopGame/Saved/P_TestMap_BuiltData18E377134C70B1453E9867BCF06E7346.tmp' to '../../../../../UE4PROJECT/NowProject/Udemy_MultiPractice/MultiPractice_2_Alpa/CoopGame/Content/Maps/P_TestMap_BuiltData.uasset'
[2021.07.12-18.37.21:845][501]LogSavePackage: Display: Finished SavePackage ../../../../../UE4PROJECT/NowProject/Udemy_MultiPractice/MultiPractice_2_Alpa/CoopGame/Content/Maps/P_TestMap_BuiltData.uasset
[2021.07.12-18.37.22:983][569]LogTemp: Repeating last play command: 선택된 뷰포트
[2021.07.12-18.37.22:993][569]LogPlayLevel: PlayLevel: No blueprints needed recompiling
[2021.07.12-18.37.22:993][569]PIE: New page: PIE 세션: P_TestMap (2021. 7. 13. 오후 12:37:22)
[2021.07.12-18.37.22:994][569]LogPlayLevel: Creating play world package: /Game/Maps/UEDPIE_0_P_TestMap
[2021.07.12-18.37.22:995][569]LogPlayLevel: PIE: StaticDuplicateObject took: (0.001358s)
[2021.07.12-18.37.22:996][569]LogAIModule: Creating AISystem for world P_TestMap
[2021.07.12-18.37.22:996][569]LogPlayLevel: PIE: World Init took: (0.000925s)
[2021.07.12-18.37.22:997][569]LogPlayLevel: PIE: Created PIE world by copying editor world from /Game/Maps/P_TestMap.P_TestMap to /Game/Maps/UEDPIE_0_P_TestMap.P_TestMap (0.002824s)
[2021.07.12-18.37.23:117][569]LogInit: XAudio2 using 'Headphones(High Definition Audio Device)' : 2 channels at 48 kHz using 16 bits per sample (channel mask 0x3)
[2021.07.12-18.37.23:143][569]LogInit: FAudioDevice initialized.
[2021.07.12-18.37.23:181][569]LogLoad: Game class is 'GameModeBase'
[2021.07.12-18.37.23:183][569]LogWorld: Bringing World /Game/Maps/UEDPIE_0_P_TestMap.P_TestMap up for play (max tick rate 60) at 2021.07.13-03.37.23
[2021.07.12-18.37.23:183][569]LogWorld: Bringing up level for play took: 0.001192
[2021.07.12-18.37.23:184][569]PIE: /Game/Maps/UEDPIE_0_P_TestMap 에 대한 에디터에서 플레이 시작 시간: 0.656
[2021.07.12-18.38.06:523][773]BlueprintLog: New page: BP_PlayerPawn 컴파일
[2021.07.12-18.38.07:368][773]LogSavePackage: Save=24.46ms
[2021.07.12-18.38.07:368][773]LogSavePackage: Moving '../../../../../UE4PROJECT/NowProject/Udemy_MultiPractice/MultiPractice_2_Alpa/CoopGame/Saved/BP_PlayerPawn83F84A4746D0DA2FF76EA4BDF27B5A8C.tmp' to '../../../../../UE4PROJECT/NowProject/Udemy_MultiPractice/MultiPractice_2_Alpa/CoopGame/Content/BluePrints/BP_PlayerPawn.uasset'
[2021.07.12-18.38.07:371][773]LogSavePackage: Display: Finished SavePackage ../../../../../UE4PROJECT/NowProject/Udemy_MultiPractice/MultiPractice_2_Alpa/CoopGame/Content/BluePrints/BP_PlayerPawn.uasset
[2021.07.12-18.47.41:551][594]LogSlate: Took 0.000680 seconds to synchronously load lazily loaded font '../../../Engine/Content/Slate/Fonts/Roboto-Light.ttf' (159K)
[2021.07.12-18.47.50:625][621]LogSavePackage: Save=29.02ms
[2021.07.12-18.47.50:625][621]LogSavePackage: Moving '../../../../../UE4PROJECT/NowProject/Udemy_MultiPractice/MultiPractice_2_Alpa/CoopGame/Saved/P_TestMap_Auto1ACD12887462FC5ECE51A2AA7A97A1E95.tmp' to '../../../../../UE4PROJECT/NowProject/Udemy_MultiPractice/MultiPractice_2_Alpa/CoopGame/Saved/Autosaves/Game/Maps/P_TestMap_Auto1.umap'
[2021.07.12-18.47.50:627][621]LogSavePackage: Display: Finished SavePackage ../../../../../UE4PROJECT/NowProject/Udemy_MultiPractice/MultiPractice_2_Alpa/CoopGame/Saved/Autosaves/Game/Maps/P_TestMap_Auto1.umap
[2021.07.12-18.47.50:629][621]LogFileHelpers: Editor autosave (incl. sublevels) for '/Game/Maps/P_TestMap' took 0.059
[2021.07.12-18.47.50:629][621]LogFileHelpers: Editor autosave (incl. sublevels) for all levels took 0.059
[2021.07.12-18.49.32:779][996]BlueprintLog: New page: BP_PlayerPawn 컴파일
[2021.07.12-18.49.39:327][291]LogSavePackage: Save=28.68ms
[2021.07.12-18.49.39:327][291]LogSavePackage: Moving '../../../../../UE4PROJECT/NowProject/Udemy_MultiPractice/MultiPractice_2_Alpa/CoopGame/Saved/P_TestMapFC7AA661439507D799CFB6B626E36F60.tmp' to '../../../../../UE4PROJECT/NowProject/Udemy_MultiPractice/MultiPractice_2_Alpa/CoopGame/Content/Maps/P_TestMap.umap'
[2021.07.12-18.49.39:330][291]LogSavePackage: Display: Finished SavePackage ../../../../../UE4PROJECT/NowProject/Udemy_MultiPractice/MultiPractice_2_Alpa/CoopGame/Content/Maps/P_TestMap.umap
[2021.07.12-18.49.39:355][291]LogSavePackage: Save=8.01ms
[2021.07.12-18.49.39:357][291]LogSavePackage: Moving '../../../../../UE4PROJECT/NowProject/Udemy_MultiPractice/MultiPractice_2_Alpa/CoopGame/Saved/P_TestMap_BuiltDataB3978C04426FBBE933D5CCB54E7D1F22.tmp' to '../../../../../UE4PROJECT/NowProject/Udemy_MultiPractice/MultiPractice_2_Alpa/CoopGame/Content/Maps/P_TestMap_BuiltData.uasset'
[2021.07.12-18.49.39:357][291]LogSavePackage: Display: Finished SavePackage ../../../../../UE4PROJECT/NowProject/Udemy_MultiPractice/MultiPractice_2_Alpa/CoopGame/Content/Maps/P_TestMap_BuiltData.uasset
[2021.07.12-18.49.44:803][566]LogTemp: Executing iPhonePackager certificates Engine -bundlename com.YourCompany.CoopGame
[2021.07.12-18.49.44:803][566]LogTemp: CWD: D:\UE4\UE_4.17\Engine\Binaries\DotNET\IOS
[2021.07.12-18.49.44:803][566]LogTemp: Initial Dir: D:\UE4\UE_4.17
[2021.07.12-18.49.44:803][566]LogTemp: Env CWD: D:\UE4\UE_4.17\Engine\Binaries\DotNET\IOS
[2021.07.12-18.49.44:803][566]LogTemp: BranchPath = DESKTOP-0H274VF/D/UE4/UE_4.17/Engine/Binaries --- GameBranchPath = DESKTOP-0H274VF/D/UE4/UE_4.17/Engine/Binaries
[2021.07.12-18.49.44:834][568]LogTemp: IPP ERROR: Could not find provision directory 'C:\Users\helirang\AppData\Local/Apple Computer/MobileDevice/Provisioning Profiles/'.
[2021.07.12-18.49.47:443][705]Cmd: QUIT_EDITOR
[2021.07.12-18.49.47:542][705]LogWindowsTextInputMethodSystem: Display: IME system now activated using TSF (Microsoft 입력기).
[2021.07.12-18.49.47:554][705]LogExit: Preparing to exit.
[2021.07.12-18.49.48:567][705]LogDirectoryWatcher: A directory notification for 'D:/UE4PROJECT/NowProject/Udemy_MultiPractice/MultiPractice_2_Alpa/CoopGame/Content/' was aborted.
[2021.07.12-18.49.48:590][705]LogExit: Editor shut down
[2021.07.12-18.49.48:593][705]LogExit: Transaction tracking system shut down
[2021.07.12-18.49.48:792][705]LogDirectoryWatcher: A directory notification for '../../../Engine/Content/' was aborted.
[2021.07.12-18.49.48:792][705]LogDirectoryWatcher: A directory notification for '../../../../../UE4PROJECT/NowProject/Udemy_MultiPractice/MultiPractice_2_Alpa/CoopGame/Content/' was aborted.
[2021.07.12-18.49.48:792][705]LogDirectoryWatcher: A directory notification for '../../../Engine/Plugins/2D/Paper2D/Content/' was aborted.
[2021.07.12-18.49.48:793][705]LogDirectoryWatcher: A directory notification for '../../../Engine/Plugins/Runtime/Oculus/OculusVR/Content/' was aborted.
[2021.07.12-18.49.48:793][705]LogDirectoryWatcher: A directory notification for '../../../Engine/Plugins/Runtime/Steam/SteamVR/Content/' was aborted.
[2021.07.12-18.49.48:856][705]LogExit: Object subsystem successfully closed.
[2021.07.12-18.49.48:893][705]LogD3D11RHI: Shutdown
[2021.07.12-18.49.48:893][705]LogD3D11RHI: CleanupD3DDevice
[2021.07.12-18.49.49:027][705]LogD3D11RHI: ~FD3D11DynamicRHI
[2021.07.12-18.49.49:035][705]LogModuleManager: Shutting down and abandoning module ExternalImagePicker (540)
[2021.07.12-18.49.49:035][705]LogModuleManager: Shutting down and abandoning module MovieSceneCapture (538)
[2021.07.12-18.49.49:035][705]LogModuleManager: Shutting down and abandoning module BlueprintGraph (536)
[2021.07.12-18.49.49:035][705]LogModuleManager: Shutting down and abandoning module BlueprintProfiler (534)
[2021.07.12-18.49.49:035][705]LogModuleManager: Shutting down and abandoning module HierarchicalLODOutliner (532)
[2021.07.12-18.49.49:035][705]LogModuleManager: Shutting down and abandoning module SceneOutliner (530)
[2021.07.12-18.49.49:035][705]LogModuleManager: Shutting down and abandoning module AddContentDialog (528)
[2021.07.12-18.49.49:035][705]LogDirectoryWatcher: A directory notification for 'D:/UE4/UE_4.17/FeaturePacks/' was aborted.
[2021.07.12-18.49.49:036][705]LogModuleManager: Shutting down and abandoning module WidgetCarousel (527)
[2021.07.12-18.49.49:036][705]LogModuleManager: Shutting down and abandoning module EditorWidgets (524)
[2021.07.12-18.49.49:036][705]LogModuleManager: Shutting down and abandoning module CollectionManager (522)
[2021.07.12-18.49.49:036][705]LogDirectoryWatcher: A directory notification for 'D:/UE4PROJECT/NowProject/Udemy_MultiPractice/MultiPractice_2_Alpa/CoopGame/Content/Collections/' was aborted.
[2021.07.12-18.49.49:037][705]LogDirectoryWatcher: A directory notification for 'D:/UE4PROJECT/NowProject/Udemy_MultiPractice/MultiPractice_2_Alpa/CoopGame/Content/Developers/helirang/Collections/' was aborted.
[2021.07.12-18.49.49:037][705]LogDirectoryWatcher: A directory notification for 'D:/UE4PROJECT/NowProject/Udemy_MultiPractice/MultiPractice_2_Alpa/CoopGame/Saved/Collections/' was aborted.
[2021.07.12-18.49.49:037][705]LogModuleManager: Shutting down and abandoning module StatsViewer (520)
[2021.07.12-18.49.49:037][705]LogModuleManager: Shutting down and abandoning module FoliageEdit (518)
[2021.07.12-18.49.49:037][705]LogModuleManager: Shutting down and abandoning module LandscapeEditor (516)
[2021.07.12-18.49.49:037][705]LogModuleManager: Shutting down and abandoning module MeshPaintMode (514)
[2021.07.12-18.49.49:037][705]LogModuleManager: Shutting down and abandoning module SceneDepthPickerMode (512)
[2021.07.12-18.49.49:037][705]LogModuleManager: Shutting down and abandoning module ActorPickerMode (510)
[2021.07.12-18.49.49:037][705]LogModuleManager: Shutting down and abandoning module GeometryMode (508)
[2021.07.12-18.49.49:037][705]LogModuleManager: Shutting down and abandoning module TextureAlignMode (506)
[2021.07.12-18.49.49:037][705]LogModuleManager: Shutting down and abandoning module BspMode (504)
[2021.07.12-18.49.49:037][705]LogModuleManager: Shutting down and abandoning module PIEPreviewDeviceProfileSelector (502)
[2021.07.12-18.49.49:038][705]LogModuleManager: Shutting down and abandoning module HardwareSurvey (500)
[2021.07.12-18.49.49:038][705]LogModuleManager: Shutting down and abandoning module SequenceRecorderSections (498)
[2021.07.12-18.49.49:038][705]LogModuleManager: Shutting down and abandoning module AutomationWorker (496)
[2021.07.12-18.49.49:038][705]LogModuleManager: Shutting down and abandoning module MatineeToLevelSequence (494)
[2021.07.12-18.49.49:038][705]LogModuleManager: Shutting down and abandoning module LevelSequenceEditor (492)
[2021.07.12-18.49.49:038][705]LogModuleManager: Shutting down and abandoning module PlacementMode (491)
[2021.07.12-18.49.49:038][705]LogModuleManager: Shutting down and abandoning module WmfMediaFactory (488)
[2021.07.12-18.49.49:038][705]LogModuleManager: Shutting down and abandoning module WmfMediaEditor (486)
[2021.07.12-18.49.49:038][705]LogModuleManager: Shutting down and abandoning module AvfMediaFactory (484)
[2021.07.12-18.49.49:038][705]LogModuleManager: Shutting down and abandoning module AvfMediaEditor (482)
[2021.07.12-18.49.49:038][705]LogModuleManager: Shutting down and abandoning module AndroidMediaFactory (480)
[2021.07.12-18.49.49:038][705]LogModuleManager: Shutting down and abandoning module Media (479)
[2021.07.12-18.49.49:038][705]LogModuleManager: Shutting down and abandoning module AndroidMediaEditor (476)
[2021.07.12-18.49.49:038][705]LogModuleManager: Shutting down and abandoning module CharacterAI (474)
[2021.07.12-18.49.49:038][705]LogModuleManager: Shutting down and abandoning module AudioCapture (472)
[2021.07.12-18.49.49:038][705]LogModuleManager: Shutting down and abandoning module SequenceRecorder (471)
[2021.07.12-18.49.49:038][705]LogModuleManager: Shutting down and abandoning module SmartSnapping (468)
[2021.07.12-18.49.49:038][705]LogModuleManager: Shutting down and abandoning module SessionServices (466)
[2021.07.12-18.49.49:039][705]LogModuleManager: Shutting down and abandoning module ViewportSnapping (464)
[2021.07.12-18.49.49:039][705]LogModuleManager: Shutting down and abandoning module ViewportInteraction (462)
[2021.07.12-18.49.49:039][705]LogModuleManager: Shutting down and abandoning module ClothPainter (460)
[2021.07.12-18.49.49:039][705]LogModuleManager: Shutting down and abandoning module LogVisualizer (458)
[2021.07.12-18.49.49:039][705]LogModuleManager: Shutting down and abandoning module IntroTutorials (456)
[2021.07.12-18.49.49:039][705]LogModuleManager: Shutting down and abandoning module GameProjectGeneration (455)
[2021.07.12-18.49.49:039][705]LogModuleManager: Shutting down and abandoning module IOSPlatformEditor (452)
[2021.07.12-18.49.49:039][705]LogModuleManager: Shutting down and abandoning module HTML5PlatformEditor (450)
[2021.07.12-18.49.49:039][705]LogModuleManager: Shutting down and abandoning module AndroidPlatformEditor (448)
[2021.07.12-18.49.49:039][705]LogModuleManager: Shutting down and abandoning module AndroidDeviceDetection (447)
