Log file open, 07/13/21 03:01:27
LogWindows: Failed to load 'aqProf.dll' (GetLastError=126)
LogWindows: File 'aqProf.dll' does not exist
LogWindows: Failed to load 'VSPerf140.dll' (GetLastError=126)
LogWindows: File 'VSPerf140.dll' does not exist
LogWindows: Failed to load 'VtuneApi.dll' (GetLastError=126)
LogWindows: File 'VtuneApi.dll' does not exist
LogWindows: Failed to load 'VtuneApi32e.dll' (GetLastError=126)
LogWindows: File 'VtuneApi32e.dll' does not exist
LogInit: Display: Running engine for game: CoopGame
LogPlatformFile: Not using cached read wrapper
LogInit: Display: RandInit(2114649165) SRandInit(2114649165).
LogTaskGraph: Started task graph with 5 named threads and 20 total threads with 3 sets of task threads.
LogStats: Stats thread started at 0.391175
LogD3D11RHI: Aftermath initialized
LogPluginManager: Mounting plugin Paper2D
LogPluginManager: Mounting plugin LightPropagationVolume
LogPluginManager: Mounting plugin CodeLiteSourceCodeAccess
LogPluginManager: Mounting plugin GitSourceControl
LogPluginManager: Mounting plugin KDevelopSourceCodeAccess
LogPluginManager: Mounting plugin NullSourceCodeAccess
LogPluginManager: Mounting plugin PerforceSourceControl
LogPluginManager: Mounting plugin SubversionSourceControl
LogPluginManager: Mounting plugin UObjectPlugin
LogPluginManager: Mounting plugin VisualStudioSourceCodeAccess
LogPluginManager: Mounting plugin XCodeSourceCodeAccess
LogPluginManager: Mounting plugin AssetManagerEditor
LogPluginManager: Mounting plugin AudioCapture
LogPluginManager: Mounting plugin FacialAnimation
LogPluginManager: Mounting plugin GameplayTagsEditor
LogPluginManager: Mounting plugin MobileLauncherProfileWizard
LogPluginManager: Mounting plugin PluginBrowser
LogPluginManager: Mounting plugin SpeedTreeImporter
LogPluginManager: Mounting plugin AlembicImporter
LogPluginManager: Mounting plugin CharacterAI
LogPluginManager: Mounting plugin HTML5Networking
LogPluginManager: Mounting plugin AndroidMedia
LogPluginManager: Mounting plugin AvfMedia
LogPluginManager: Mounting plugin MediaPlayerEditor
LogPluginManager: Mounting plugin WmfMedia
LogPluginManager: Mounting plugin TcpMessaging
LogPluginManager: Mounting plugin UdpMessaging
LogPluginManager: Mounting plugin LevelSequenceEditor
LogPluginManager: Mounting plugin MatineeToLevelSequence
LogPluginManager: Mounting plugin OnlineSubsystemGooglePlay
LogPluginManager: Mounting plugin OnlineSubsystemIOS
LogPluginManager: Mounting plugin OnlineSubsystem
LogPluginManager: Mounting plugin OnlineSubsystemNull
LogPluginManager: Mounting plugin OnlineSubsystemUtils
LogPluginManager: Mounting plugin AndroidDeviceProfileSelector
LogPluginManager: Mounting plugin AndroidMoviePlayer
LogPluginManager: Mounting plugin AndroidPermission
LogPluginManager: Mounting plugin AppleMoviePlayer
LogPluginManager: Mounting plugin ArchVisCharacter
LogPluginManager: Mounting plugin CableComponent
LogPluginManager: Mounting plugin CustomMeshComponent
LogPluginManager: Mounting plugin ExampleDeviceProfileSelector
LogPluginManager: Mounting plugin GoogleCloudMessaging
LogPluginManager: Mounting plugin ImmediatePhysics
LogPluginManager: Mounting plugin IOSDeviceProfileSelector
LogPluginManager: Mounting plugin LinuxDeviceProfileSelector
LogPluginManager: Mounting plugin LocationServicesBPLibrary
LogPluginManager: Mounting plugin MobilePatchingUtils
LogPluginManager: Mounting plugin OculusVR
LogPluginManager: Mounting plugin PhysXVehicles
LogPluginManager: Mounting plugin ProceduralMeshComponent
LogPluginManager: Mounting plugin RuntimePhysXCooking
LogPluginManager: Mounting plugin SteamVR
LogPluginManager: Mounting plugin WindowsMoviePlayer
LogInit: Using libcurl 7.47.1
LogInit:  - built for x86_64-pc-win32
LogInit:  - supports SSL with OpenSSL/1.0.2g
LogInit:  - supports HTTP deflate (compression) using libz 1.2.8
LogInit:  - other features:
LogInit:      CURL_VERSION_SSL
LogInit:      CURL_VERSION_LIBZ
LogInit:      CURL_VERSION_IPV6
LogInit:      CURL_VERSION_ASYNCHDNS
LogInit:      CURL_VERSION_LARGEFILE
LogInit:      CURL_VERSION_IDN
LogInit:  CurlRequestOptions (configurable via config and command line):
LogInit:  - bVerifyPeer = false  - Libcurl will NOT verify peer certificate
LogInit:  - bUseHttpProxy = false  - Libcurl will NOT use HTTP proxy
LogInit:  - bDontReuseConnections = false  - Libcurl will reuse connections
LogInit:  - CertBundlePath = nullptr  - Libcurl will use whatever was configured at build time.
LogInit: Build: ++UE4+Release-4.17-CL-3658906
LogInit: Engine Version: 4.17.2-3658906+++UE4+Release-4.17
LogInit: Compatible Engine Version: 4.17.0-3573198+++UE4+Release-4.17
LogInit: Net CL: 3573198
LogDevObjectVersion: Number of dev versions registered: 16
LogDevObjectVersion:   Dev-Blueprints (B0D832E4-1F89-4F0D-ACCF-7EB736FD4AA2): 10
LogDevObjectVersion:   Dev-Build (E1C64328-A22C-4D53-A36C-8E866417BD8C): 0
LogDevObjectVersion:   Dev-Core (375EC13C-06E4-48FB-B500-84F0262A717E): 2
LogDevObjectVersion:   Dev-Editor (E4B068ED-F494-42E9-A231-DA0B2E46BB41): 20
LogDevObjectVersion:   Dev-Framework (CFFC743F-43B0-4480-9391-14DF171D2073): 28
LogDevObjectVersion:   Dev-Mobile (B02B49B5-BB20-44E9-A304-32B752E40360): 0
LogDevObjectVersion:   Dev-Networking (A4E4105C-59A1-49B5-A7C5-40C4547EDFEE): 0
LogDevObjectVersion:   Dev-Online (39C831C9-5AE6-47DC-9A44-9C173E1C8E7C): 0
LogDevObjectVersion:   Dev-Physics (78F01B33-EBEA-4F98-B9B4-84EACCB95AA2): 0
LogDevObjectVersion:   Dev-Platform (6631380F-2D4D-43E0-8009-CF276956A95A): 0
LogDevObjectVersion:   Dev-Rendering (12F88B9F-8875-4AFC-A67C-D90C383ABD29): 19
LogDevObjectVersion:   Dev-Sequencer (7B5AE74C-D270-4C10-A958-57980B212A5A): 4
LogDevObjectVersion:   Dev-VR (D7296918-1DD6-4BDD-9DE2-64A83CC13884): 0
LogDevObjectVersion:   Dev-LoadTimes (C2A15278-BFE7-4AFE-6C17-90FF531DF755): 1
LogDevObjectVersion:   Private-Geometry (6EACA3D4-40EC-4CC1-B786-8BED09428FC5): 1
LogDevObjectVersion:   Dev-AnimPhys (29E575DD-E0A3-4627-9D10-D276232CDCEA): 7
LogInit: Compiled (64-bit): Sep 22 2017 13:47:16
LogInit: Compiled with Visual C++: 19.00.24215.01
LogInit: Build Configuration: Development
LogInit: Branch Name: ++UE4+Release-4.17
LogInit: Command line:  -skipcompile
LogInit: Base directory: D:/UE4/UE_4.17/Engine/Binaries/Win64/
LogInit: Installed Engine Build: 1
LogInit: Presizing for max 8388607 objects, including 0 objects not considered by GC, pre-allocating 0 bytes for permanent pool.
LogInit: Object subsystem initialized
[2021.07.12-18.01.28:912][  0]LogInit: Selected Device Profile: [Windows]
[2021.07.12-18.01.28:913][  0]LogInit: Applying CVar settings loaded from the selected device profile: [Windows]
[2021.07.12-18.01.28:920][  0]LogInit: Computer: DESKTOP-0H274VF
[2021.07.12-18.01.28:920][  0]LogInit: User: helirang
[2021.07.12-18.01.28:920][  0]LogInit: CPU Page size=4096, Cores=6
[2021.07.12-18.01.28:920][  0]LogInit: High frequency timer resolution =10.000000 MHz
[2021.07.12-18.01.28:921][  0]LogMemory: Memory total: Physical=15.9GB (16GB approx)
[2021.07.12-18.01.28:921][  0]LogMemory: Platform Memory Stats for Windows
[2021.07.12-18.01.28:921][  0]LogMemory: Process Physical Memory: 282.34 MB used, 282.34 MB peak
[2021.07.12-18.01.28:921][  0]LogMemory: Process Virtual Memory: 281.30 MB used, 281.30 MB peak
[2021.07.12-18.01.28:921][  0]LogMemory: Physical Memory: 10004.36 MB used,  6237.88 MB free, 16242.23 MB total
[2021.07.12-18.01.28:921][  0]LogMemory: Virtual Memory: 4799.81 MB used,  6237.88 MB free, 134217728.00 MB total
[2021.07.12-18.01.29:181][  0]LogInit: Using OS detected language (ko-KR).
[2021.07.12-18.01.29:181][  0]LogInit: Using OS detected locale (ko-KR).
[2021.07.12-18.01.29:185][  0]LogTextLocalizationManager: No specific localization for 'ko-KR' exists, so the 'ko' localization will be used.
[2021.07.12-18.01.29:764][  0]LogD3D11RHI: D3D11 adapters:
[2021.07.12-18.01.29:932][  0]LogD3D11RHI:    0. 'NVIDIA GeForce GTX 1650' (Feature Level 11_0)
[2021.07.12-18.01.29:932][  0]LogD3D11RHI:       3962/0/8121 MB DedicatedVideo/DedicatedSystem/SharedSystem, Outputs:1, VendorId:0x10de
[2021.07.12-18.01.30:450][  0]LogD3D11RHI:    1. 'Intel(R) UHD Graphics 630' (Feature Level 11_0)
[2021.07.12-18.01.30:450][  0]LogD3D11RHI:       128/0/8121 MB DedicatedVideo/DedicatedSystem/SharedSystem, Outputs:1, VendorId:0x8086
[2021.07.12-18.01.30:460][  0]LogD3D11RHI:    2. 'Microsoft Basic Render Driver' (Feature Level 11_0)
[2021.07.12-18.01.30:460][  0]LogD3D11RHI:       0/0/8121 MB DedicatedVideo/DedicatedSystem/SharedSystem, Outputs:0, VendorId:0x1414
[2021.07.12-18.01.30:461][  0]LogD3D11RHI: Chosen D3D11 Adapter: 0
[2021.07.12-18.01.30:470][  0]LogD3D11RHI: Creating new Direct3DDevice
[2021.07.12-18.01.30:471][  0]LogD3D11RHI:     GPU DeviceId: 0x1f91 (for the marketing name, search the web for "GPU Device Id")
[2021.07.12-18.01.30:471][  0]LogWindows: EnumDisplayDevices:
[2021.07.12-18.01.30:471][  0]LogWindows:    0. 'Intel(R) UHD Graphics 630' (P:0 D:1)
[2021.07.12-18.01.30:472][  0]LogWindows:    1. 'Intel(R) UHD Graphics 630' (P:0 D:0)
[2021.07.12-18.01.30:473][  0]LogWindows:    2. 'Intel(R) UHD Graphics 630' (P:0 D:0)
[2021.07.12-18.01.30:474][  0]LogWindows:    3. 'NVIDIA GeForce GTX 1650' (P:1 D:1)
[2021.07.12-18.01.30:475][  0]LogWindows:    4. 'NVIDIA GeForce GTX 1650' (P:0 D:0)
[2021.07.12-18.01.30:476][  0]LogWindows:    5. 'NVIDIA GeForce GTX 1650' (P:0 D:0)
[2021.07.12-18.01.30:477][  0]LogWindows:    6. 'NVIDIA GeForce GTX 1650' (P:0 D:0)
[2021.07.12-18.01.30:477][  0]LogWindows: DebugString: GetVideoDriverDetailsInvalid PrimaryIsNotTheChoosenAdapter GetVideoDriverDetailsInvalid PrimaryIsNotTheChoosenAdapter GetVideoDriverDetailsInvalid PrimaryIsNotTheChoosenAdapter GetVideoDriverDetailsInvalid PrimaryIsNotTheChoosenAdapter GetVideoDriverDetailsInvalid PrimaryIsNotTheChoosenAdapter GetVideoDriverDetailsInvalid PrimaryIsNotTheChoosenAdapter GetVideoDriverDetailsInvalid PrimaryIsNotTheChoosenAdapter FoundDriverCount:0 
[2021.07.12-18.01.30:477][  0]LogD3D11RHI:     Adapter Name: NVIDIA GeForce GTX 1650
[2021.07.12-18.01.30:477][  0]LogD3D11RHI:   Driver Version: Unknown (internal:Unknown, unified:Unknown)
[2021.07.12-18.01.30:477][  0]LogD3D11RHI:      Driver Date: Unknown
[2021.07.12-18.01.30:478][  0]LogRHI: Texture pool is 1361 MB (70% of 1945 MB)
[2021.07.12-18.01.30:583][  0]LogD3D11RHI: Async texture creation enabled
[2021.07.12-18.01.30:594][  0]LogD3D11RHI: GPU Timing Frequency: 1000.000000 (Debug: 2 1)
[2021.07.12-18.01.30:605][  0]LogShaderCompilers: Guid format shader working directory is -38 characters bigger than the processId version (../../../../../UE4PROJECT/NowProject/Udemy_MultiPractice/MultiPractice_2_Alpa/CoopGame/Intermediate/Shaders/WorkingDirectory/27444/).
[2021.07.12-18.01.30:605][  0]LogShaderCompilers: Cleaned the shader compiler working directory 'C:/Users/helirang/AppData/Local/Temp/UnrealShaderWorkingDir/D01867C7460A12532AF8C1B8CEE07319/'.
[2021.07.12-18.01.30:605][  0]LogShaderCompilers: Display: Using Local Shader Compiler.
[2021.07.12-18.01.31:462][  0]LogTemp: Display: Loaded TP AllDesktopTargetPlatform
[2021.07.12-18.01.31:516][  0]LogTemp: Display: Loaded TP MacClientTargetPlatform
[2021.07.12-18.01.31:570][  0]LogTemp: Display: Loaded TP MacNoEditorTargetPlatform
[2021.07.12-18.01.31:624][  0]LogTemp: Display: Loaded TP MacServerTargetPlatform
[2021.07.12-18.01.31:684][  0]LogTemp: Display: Loaded TP MacTargetPlatform
[2021.07.12-18.01.31:737][  0]LogTemp: Display: Loaded TP WindowsClientTargetPlatform
[2021.07.12-18.01.31:791][  0]LogTemp: Display: Loaded TP WindowsNoEditorTargetPlatform
[2021.07.12-18.01.31:844][  0]LogTemp: Display: Loaded TP WindowsServerTargetPlatform
[2021.07.12-18.01.31:893][  0]LogTemp: Display: Loaded TP WindowsTargetPlatform
[2021.07.12-18.01.31:951][  0]LogTemp: Display: Loaded TP AndroidTargetPlatform
[2021.07.12-18.01.32:002][  0]LogTemp: Display: Loaded TP Android_ASTCTargetPlatform
[2021.07.12-18.01.32:055][  0]LogTemp: Display: Loaded TP Android_ATCTargetPlatform
[2021.07.12-18.01.32:113][  0]LogTemp: Display: Loaded TP Android_DXTTargetPlatform
[2021.07.12-18.01.32:165][  0]LogTemp: Display: Loaded TP Android_ETC1TargetPlatform
[2021.07.12-18.01.32:218][  0]LogTemp: Display: Loaded TP Android_ETC2TargetPlatform
[2021.07.12-18.01.32:325][  0]LogTemp: Display: Loaded TP Android_MultiTargetPlatform
[2021.07.12-18.01.32:326][  0]LogTemp: Display: Loaded TP Android_PVRTCTargetPlatform
[2021.07.12-18.01.32:370][  0]LogTemp: Display: Loaded TP HTML5TargetPlatform
[2021.07.12-18.01.32:473][  0]LogTemp: Display: Loaded TP IOSTargetPlatform
[2021.07.12-18.01.32:504][  0]LogTemp: Display: Loaded TP TVOSTargetPlatform
[2021.07.12-18.01.32:559][  0]LogTemp: Display: Loaded TP LinuxClientTargetPlatform
[2021.07.12-18.01.32:610][  0]LogTemp: Display: Loaded TP LinuxNoEditorTargetPlatform
[2021.07.12-18.01.32:662][  0]LogTemp: Display: Loaded TP LinuxServerTargetPlatform
[2021.07.12-18.01.32:715][  0]LogTemp: Display: Loaded TP LinuxTargetPlatform
[2021.07.12-18.01.32:715][  0]LogTargetPlatformManager: Display: Building Assets For Windows
[2021.07.12-18.01.33:281][  0]LogDerivedDataCache: Display: Max Cache Size: 512 MB
[2021.07.12-18.01.33:354][  0]LogDerivedDataCache: Loaded boot cache 0.07s 93MB C:/Users/helirang/AppData/Local/UnrealEngine/4.17/DerivedDataCache/Boot.ddc.
[2021.07.12-18.01.33:354][  0]LogDerivedDataCache: Display: Loaded Boot cache: C:/Users/helirang/AppData/Local/UnrealEngine/4.17/DerivedDataCache/Boot.ddc
[2021.07.12-18.01.33:355][  0]LogDerivedDataCache: FDerivedDataBackendGraph:  Pak pak cache file ../../../../../UE4PROJECT/NowProject/Udemy_MultiPractice/MultiPractice_2_Alpa/CoopGame/DerivedDataCache/DDC.ddp not found, will not use a pak cache.
[2021.07.12-18.01.33:355][  0]LogDerivedDataCache: Unable to find inner node Pak for hierarchical cache Hierarchy.
[2021.07.12-18.01.33:355][  0]LogDerivedDataCache: FDerivedDataBackendGraph:  CompressedPak pak cache file ../../../../../UE4PROJECT/NowProject/Udemy_MultiPractice/MultiPractice_2_Alpa/CoopGame/DerivedDataCache/Compressed.ddp not found, will not use a pak cache.
[2021.07.12-18.01.33:355][  0]LogDerivedDataCache: Unable to find inner node CompressedPak for hierarchical cache Hierarchy.
[2021.07.12-18.01.33:368][  0]LogDerivedDataCache: Display: Pak cache opened for reading ../../../Engine/DerivedDataCache/Compressed.ddp.
[2021.07.12-18.01.33:381][  0]LogDerivedDataCache: Using Local data cache path C:/Users/helirang/AppData/Local/UnrealEngine/Common/DerivedDataCache: Writable
[2021.07.12-18.01.33:390][  0]LogMaterial: Verifying Global Shaders for PCD3D_SM5
[2021.07.12-18.01.33:390][  0]LogSlate: Using Freetype 2.6.0
[2021.07.12-18.01.33:391][  0]LogSlate: SlateFontCache - WITH_FREETYPE: 1, WITH_HARFBUZZ: 1
[2021.07.12-18.01.33:392][  0]LogSlate: SlateFontCache - WITH_FREETYPE: 1, WITH_HARFBUZZ: 1
[2021.07.12-18.01.33:648][  0]LogAssetRegistry: FAssetRegistry took 0.0284 seconds to start up
[2021.07.12-18.01.33:761][  0]LogInit: Selected Device Profile: [Windows]
[2021.07.12-18.01.33:917][  0]LogContentStreaming: Texture pool size is 0.00 MB
[2021.07.12-18.01.34:263][  0]LogSimplygon: Simplygon DLL not present - disabling.
[2021.07.12-18.01.34:309][  0]LogMeshReduction: Using SimplygonSwarm for distributed automatic mesh merging
[2021.07.12-18.01.34:309][  0]LogMeshReduction: Using QuadricMeshReduction for automatic static mesh reduction
[2021.07.12-18.01.34:309][  0]LogMeshReduction: No automatic skeletal mesh reduction module available
[2021.07.12-18.01.34:310][  0]LogMeshReduction: No automatic mesh merging module available
[2021.07.12-18.01.34:310][  0]LogMeshMerging: No automatic mesh merging module available
[2021.07.12-18.01.34:660][  0]LogNetVersion: CoopGame , NetCL: 3573198, EngineNetVer: 2, GameNetVer: 0 (Checksum: 471078940)
[2021.07.12-18.01.34:890][  0]LogPackageLocalizationCache: Processed 5 localized package path(s) for 2 prioritized culture(s) in 0.038083 seconds
[2021.07.12-18.01.34:896][  0]LogUObjectArray: 35825 objects as part of root set at end of initial load.
[2021.07.12-18.01.34:896][  0]LogUObjectAllocator: 7529104 out of 0 bytes used by permanent object pool.
[2021.07.12-18.01.34:896][  0]LogUObjectArray: CloseDisregardForGC: 0/0 objects in disregard for GC pool
[2021.07.12-18.01.34:969][  0]LogInit: WinSock: version 1.1 (2.2), MaxSocks=32767, MaxUdp=65467
[2021.07.12-18.01.38:141][  0]LogTcpMessaging: Initializing TcpMessaging bridge
[2021.07.12-18.01.38:196][  0]LogUdpMessaging: Initializing bridge on interface 0.0.0.0:0 to multicast group 230.0.0.1:6666.
[2021.07.12-18.01.39:164][  0]LogMaterial: Uniform references updated for custom material expression Custom.
[2021.07.12-18.01.39:684][  0]SourceControl: 소스 콘트롤이 꺼졌습니다.
[2021.07.12-18.01.39:684][  0]SourceControl: 소스 콘트롤이 꺼졌습니다.
[2021.07.12-18.01.39:751][  0]SourceControl: 소스 콘트롤이 꺼졌습니다.
[2021.07.12-18.01.39:820][  0]SourceControl: 소스 콘트롤이 꺼졌습니다.
[2021.07.12-18.01.40:549][  0]LogAndroidPermission: UAndroidPermissionCallbackProxy::GetInstance
[2021.07.12-18.01.40:834][  0]LogOcInput: OculusInput pre-init called
[2021.07.12-18.01.41:140][  0]LogEngine: Initializing Engine...
[2021.07.12-18.01.46:693][  0]LogHMD: Failed to initialize OpenVR with code 108
[2021.07.12-18.01.46:900][  0]LogStats: UGameplayTagsManager::ConstructGameplayTagTree: Construct from data asset -  0.000 s
[2021.07.12-18.01.46:900][  0]LogStats: UGameplayTagsManager::ConstructGameplayTagTree: GameplayTagTreeChangedEvent.Broadcast -  0.000 s
[2021.07.12-18.01.47:065][  0]LogAIModule: Creating AISystem for world Untitled
[2021.07.12-18.01.47:157][  0]LogInit: XAudio2 using 'Headphones(High Definition Audio Device)' : 2 channels at 48 kHz using 16 bits per sample (channel mask 0x3)
[2021.07.12-18.01.47:219][  0]LogInit: FAudioDevice initialized.
[2021.07.12-18.01.47:284][  0]LogDerivedDataCache: Saved boot cache 0.06s 93MB C:/Users/helirang/AppData/Local/UnrealEngine/4.17/DerivedDataCache/Boot.ddc.
[2021.07.12-18.01.47:298][  0]LogInit: Texture streaming: Enabled
[2021.07.12-18.01.47:453][  0]LogEngineSessionManager: EngineSessionManager initialized
[2021.07.12-18.01.47:700][  0]LogInit: Transaction tracking system initialized
[2021.07.12-18.01.48:177][  0]BlueprintLog: New page: 에디터 로드
[2021.07.12-18.01.49:555][  0]LocalizationService: 현지화 서비스가 비활성화되었습니다.
[2021.07.12-18.01.50:548][  0]LogConsoleResponse: Display: 
[2021.07.12-18.01.50:799][  0]LogCook: Display: Max memory allowance for cook 16384mb min free memory 0mb
[2021.07.12-18.01.50:800][  0]LogCook: Display: Mobile HDR setting 1
[2021.07.12-18.01.50:800][  0]LogGameplayTags: Display: UGameplayTagsManager::DoneAddingNativeTags. DelegateIsBound: 0
[2021.07.12-18.01.51:524][  0]LogFileCache: Scanning file cache for directory 'D:/UE4PROJECT/NowProject/Udemy_MultiPractice/MultiPractice_2_Alpa/CoopGame/Content/' took 0.01s
[2021.07.12-18.01.52:185][  0]SourceControl: 소스 콘트롤이 꺼졌습니다.
[2021.07.12-18.01.52:185][  0]Cmd: MAP LOAD FILE="../../../Engine/Content/Maps/Templates/Template_Default.umap" TEMPLATE=1 SHOWPROGRESS=1 FEATURELEVEL=3
[2021.07.12-18.01.52:185][  0]LightingResults: New page: 라이팅 빌드
[2021.07.12-18.01.52:230][  0]MapCheck: New page: 맵 체크
[2021.07.12-18.01.52:230][  0]LightingResults: New page: 라이팅 빌드
[2021.07.12-18.01.52:418][  0]LogAIModule: Creating AISystem for world Untitled_1
[2021.07.12-18.01.52:428][  0]LogEditorServer: Finished looking for orphan Actors (0.000 secs)
[2021.07.12-18.01.52:443][  0]Cmd: MAP CHECKDEP NOCLEARLOG
[2021.07.12-18.01.52:502][  0]MapCheck: 맵 체크 완료: 오류 0 회, 경고 0 회, 소요 시간 58.184ms.
[2021.07.12-18.01.52:502][  0]LogFileHelpers: Loading map 'Template_Default' took 0.317
[2021.07.12-18.01.52:719][  0]LogCollectionManager: Loaded 0 collections in 0.001021 seconds
[2021.07.12-18.01.52:823][  0]LogFileCache: Scanning file cache for directory 'D:/UE4PROJECT/NowProject/Udemy_MultiPractice/MultiPractice_2_Alpa/CoopGame/Saved/Collections/' took 0.01s
[2021.07.12-18.01.52:823][  0]LogFileCache: Scanning file cache for directory 'D:/UE4PROJECT/NowProject/Udemy_MultiPractice/MultiPractice_2_Alpa/CoopGame/Content/Developers/helirang/Collections/' took 0.01s
[2021.07.12-18.01.52:823][  0]LogFileCache: Scanning file cache for directory 'D:/UE4PROJECT/NowProject/Udemy_MultiPractice/MultiPractice_2_Alpa/CoopGame/Content/Collections/' took 0.01s
[2021.07.12-18.01.52:824][  0]LogCollectionManager: Rebuilt the GUID cache for 0 collections in 0.000000 seconds
[2021.07.12-18.01.52:834][  0]LogContentBrowser: Native class hierarchy populated in 0.0104 seconds. Added 2388 classes and 503 folders.
[2021.07.12-18.01.52:925][  0]LogContentBrowser: Native class hierarchy updated for 'WidgetCarousel' in 0.0029 seconds. Added 0 classes and 0 folders.
[2021.07.12-18.01.53:037][  0]LogContentBrowser: Native class hierarchy updated for 'AddContentDialog' in 0.0027 seconds. Added 0 classes and 0 folders.
[2021.07.12-18.01.53:096][  0]LogContentBrowser: Native class hierarchy updated for 'SceneOutliner' in 0.0032 seconds. Added 1 classes and 2 folders.
[2021.07.12-18.01.53:132][  0]LogSlate: Took 0.000331 seconds to synchronously load lazily loaded font '../../../Engine/Content/Slate/Fonts/Roboto-Regular.ttf' (155K)
[2021.07.12-18.01.53:157][  0]LogSlate: Took 0.022917 seconds to synchronously load lazily loaded font '../../../Engine/Content/Slate/Fonts/NanumGothic.ttf' (4243K)
[2021.07.12-18.01.53:159][  0]LogSlate: Took 0.001065 seconds to synchronously load lazily loaded font '../../../Engine/Content/Slate/Fonts/Roboto-Bold.ttf' (160K)
[2021.07.12-18.01.53:167][  0]LogSlate: Took 0.001160 seconds to synchronously load lazily loaded font '../../../Engine/Content/Editor/Slate/Fonts/FontAwesome.ttf' (139K)
[2021.07.12-18.01.53:270][  0]LogRenderer: Reallocating scene render targets to support 1208x576 Format 10 NumSamples 1 (Frame:1).
[2021.07.12-18.01.54:071][  0]LogContentBrowser: Native class hierarchy updated for 'HierarchicalLODOutliner' in 0.0029 seconds. Added 1 classes and 2 folders.
[2021.07.12-18.01.54:071][  0]LogLoad: (Engine Initialization) Total time: 27.89 seconds
[2021.07.12-18.01.54:071][  0]LogLoad: (Engine Initialization) Total Blueprint compile time: 0.00 seconds
[2021.07.12-18.01.54:072][  0]LogExternalProfiler: No external profilers were discovered.  External profiling features will not be available.
[2021.07.12-18.01.54:434][  0]LogContentStreaming: Texture pool size now 1000 MB
[2021.07.12-18.01.54:485][  0]LogSlate: Took 0.000227 seconds to synchronously load lazily loaded font '../../../Engine/Content/Slate/Fonts/Roboto-Light.ttf' (159K)
[2021.07.12-18.01.54:752][  1]LogAssetRegistry: Asset discovery search completed in 21.1289 seconds
[2021.07.12-18.01.54:754][  1]LogCollectionManager: Rebuilt the object cache for 0 collections in 0.000000 seconds (found 0 objects)
[2021.07.12-18.01.54:754][  1]LogCollectionManager: Fixed up redirectors for 0 collections in 0.000180 seconds (updated 0 objects)
[2021.07.12-18.18.38:816][313]LogSlate: Took 0.000255 seconds to synchronously load lazily loaded font '../../../Engine/Content/Slate/Fonts/Roboto-Light.ttf' (159K)
[2021.07.12-18.18.38:841][313]LogAIModule: Creating AISystem for world P_TestMap
[2021.07.12-18.18.38:861][313]Cmd: MAP LOAD FILE="../../../../../UE4PROJECT/NowProject/Udemy_MultiPractice/MultiPractice_2_Alpa/CoopGame/Content/Maps/P_TestMap.umap" TEMPLATE=0 SHOWPROGRESS=1 FEATURELEVEL=3
[2021.07.12-18.18.38:861][313]LightingResults: New page: 라이팅 빌드
[2021.07.12-18.18.38:862][313]LoadErrors: New page: 맵 로드중: P_TestMap.umap
[2021.07.12-18.18.38:863][313]MapCheck: New page: 맵 체크
[2021.07.12-18.18.38:864][313]LightingResults: New page: 라이팅 빌드
[2021.07.12-18.18.38:877][313]LogEditorServer: Finished looking for orphan Actors (0.000 secs)
[2021.07.12-18.18.38:902][313]Cmd: MAP CHECKDEP NOCLEARLOG
[2021.07.12-18.18.38:968][313]MapCheck: 맵 체크 완료: 오류 0 회, 경고 0 회, 소요 시간 66.02ms.
[2021.07.12-18.18.38:969][313]LogFileHelpers: Loading map 'P_TestMap' took 0.108
[2021.07.12-18.18.42:345][438]LogTemp: Repeating last play command: 선택된 뷰포트
[2021.07.12-18.18.42:367][438]LogPlayLevel: PlayLevel: No blueprints needed recompiling
[2021.07.12-18.18.42:368][438]PIE: New page: PIE 세션: P_TestMap (2021. 7. 13. 오후 12:18:42)
[2021.07.12-18.18.42:368][438]LogPlayLevel: Creating play world package: /Game/Maps/UEDPIE_0_P_TestMap
[2021.07.12-18.18.42:370][438]LogPlayLevel: PIE: StaticDuplicateObject took: (0.001654s)
[2021.07.12-18.18.42:371][438]LogAIModule: Creating AISystem for world P_TestMap
[2021.07.12-18.18.42:371][438]LogPlayLevel: PIE: World Init took: (0.001071s)
[2021.07.12-18.18.42:371][438]LogPlayLevel: PIE: Created PIE world by copying editor world from /Game/Maps/P_TestMap.P_TestMap to /Game/Maps/UEDPIE_0_P_TestMap.P_TestMap (0.003371s)
[2021.07.12-18.18.42:448][438]LogInit: XAudio2 using 'Headphones(High Definition Audio Device)' : 2 channels at 48 kHz using 16 bits per sample (channel mask 0x3)
[2021.07.12-18.18.42:474][438]LogInit: FAudioDevice initialized.
[2021.07.12-18.18.42:527][438]LogLoad: Game class is 'GameModeBase'
[2021.07.12-18.18.42:530][438]LogWorld: Bringing World /Game/Maps/UEDPIE_0_P_TestMap.P_TestMap up for play (max tick rate 60) at 2021.07.13-03.18.42
[2021.07.12-18.18.42:530][438]LogWorld: Bringing up level for play took: 0.001811
[2021.07.12-18.18.42:575][438]LogContentBrowser: Native class hierarchy updated for 'MovieSceneCapture' in 0.0032 seconds. Added 11 classes and 0 folders.
[2021.07.12-18.18.42:576][438]PIE: /Game/Maps/UEDPIE_0_P_TestMap 에 대한 에디터에서 플레이 시작 시간: 0.048
[2021.07.12-18.19.08:236][901]LogTemp: Repeating last play command: 선택된 뷰포트
[2021.07.12-18.19.08:247][901]LogPlayLevel: PlayLevel: No blueprints needed recompiling
[2021.07.12-18.19.08:247][901]PIE: New page: PIE 세션: P_TestMap (2021. 7. 13. 오후 12:19:08)
[2021.07.12-18.19.08:248][901]LogPlayLevel: Creating play world package: /Game/Maps/UEDPIE_0_P_TestMap
[2021.07.12-18.19.08:249][901]LogPlayLevel: PIE: StaticDuplicateObject took: (0.001747s)
[2021.07.12-18.19.08:250][901]LogAIModule: Creating AISystem for world P_TestMap
[2021.07.12-18.19.08:251][901]LogPlayLevel: PIE: World Init took: (0.001251s)
[2021.07.12-18.19.08:251][901]LogPlayLevel: PIE: Created PIE world by copying editor world from /Game/Maps/P_TestMap.P_TestMap to /Game/Maps/UEDPIE_0_P_TestMap.P_TestMap (0.003694s)
[2021.07.12-18.19.08:327][901]LogInit: XAudio2 using 'Headphones(High Definition Audio Device)' : 2 channels at 48 kHz using 16 bits per sample (channel mask 0x3)
[2021.07.12-18.19.08:352][901]LogInit: FAudioDevice initialized.
[2021.07.12-18.19.08:388][901]LogLoad: Game class is 'GameModeBase'
[2021.07.12-18.19.08:390][901]LogWorld: Bringing World /Game/Maps/UEDPIE_0_P_TestMap.P_TestMap up for play (max tick rate 60) at 2021.07.13-03.19.08
[2021.07.12-18.19.08:390][901]LogWorld: Bringing up level for play took: 0.001024
[2021.07.12-18.19.08:391][901]PIE: /Game/Maps/UEDPIE_0_P_TestMap 에 대한 에디터에서 플레이 시작 시간: -0.138
[2021.07.12-18.19.15:472][310]LogSlate: Took 0.000249 seconds to synchronously load lazily loaded font '../../../Engine/Content/Editor/Slate/Fonts/Roboto-Italic.ttf' (157K)
[2021.07.12-18.19.33:319][344]LogEditorViewport: Clicking on Actor (LMB): BP_Sky_Sphere_C (Sky Sphere)
[2021.07.12-18.19.54:907][886]LogEditorViewport: Clicking on Actor (LMB): BP_PlayerPawn_C (BP_PlayerPawn)
[2021.07.12-18.20.05:858][504]LogContentBrowser: Native class hierarchy updated for 'BlueprintGraph' in 0.0029 seconds. Added 113 classes and 0 folders.
[2021.07.12-18.20.06:363][504]LogSlate: Took 0.000331 seconds to synchronously load lazily loaded font '../../../Engine/Content/Slate/Fonts/Roboto-Regular.ttf' (155K)
[2021.07.12-18.20.08:954][619]LogSlate: Took 0.000235 seconds to synchronously load lazily loaded font '../../../Engine/Content/Editor/Slate/Fonts/Roboto-BoldCondensed.ttf' (158K)
[2021.07.12-18.20.10:365][695]LogRenderer: Reallocating scene render targets to support 1208x900 Format 10 NumSamples 1 (Frame:1).
[2021.07.12-18.20.33:919][944]BlueprintLog: New page: BP_PlayerPawn 컴파일
[2021.07.12-18.20.35:233][944]LogSavePackage: Save=22.90ms
[2021.07.12-18.20.35:234][944]LogSavePackage: Moving '../../../../../UE4PROJECT/NowProject/Udemy_MultiPractice/MultiPractice_2_Alpa/CoopGame/Saved/BP_PlayerPawn261A10CE4BD0F3AEDBD6458C7364EA74.tmp' to '../../../../../UE4PROJECT/NowProject/Udemy_MultiPractice/MultiPractice_2_Alpa/CoopGame/Content/BluePrints/BP_PlayerPawn.uasset'
[2021.07.12-18.20.35:237][944]LogSavePackage: Display: Finished SavePackage ../../../../../UE4PROJECT/NowProject/Udemy_MultiPractice/MultiPractice_2_Alpa/CoopGame/Content/BluePrints/BP_PlayerPawn.uasset
[2021.07.12-18.20.40:813][260]LogEditorActor: Deleted Actor: BP_PlayerPawn_C
[2021.07.12-18.20.40:830][260]LogEditorActor: Deleted 1 Actors (0.017 secs)
[2021.07.12-18.20.46:367][577]LogEditorViewport: Clicking on Actor (LMB): StaticMeshActor (Floor)
[2021.07.12-18.20.46:621][586]LogEditorViewport: Clicking on Component (LMB): StaticMeshComponent (StaticMeshComponent0)
[2021.07.12-18.20.47:610][643]Cmd: TRANSACTION UNDO
[2021.07.12-18.20.47:611][643]LogEditorTransaction: Undo 컴포넌트에 클릭
[2021.07.12-18.20.47:654][643]LogSlate: Took 0.000312 seconds to synchronously load lazily loaded font '../../../Engine/Content/Slate/Fonts/Roboto-Light.ttf' (159K)
[2021.07.12-18.20.48:154][672]LogEditorViewport: Clicking on Actor (LMB): StaticMeshActor (Floor)
[2021.07.12-18.20.48:649][701]LogEditorViewport: Clicking on Actor (LMB): StaticMeshActor (Floor)
[2021.07.12-18.20.49:091][727]LogEditorViewport: Clicking on Actor (LMB): BP_PlayerPawn_C (BP_PlayerPawn)
[2021.07.12-18.20.54:889][ 52]LogEditorViewport: Clicking on Actor (LMB): StaticMeshActor (Floor)
[2021.07.12-18.20.56:342][133]LogEditorViewport: Clicking on Actor (LMB): StaticMeshActor (Floor)
[2021.07.12-18.20.56:885][165]LogEditorViewport: Clicking on Actor (LMB): BP_PlayerPawn_C (BP_PlayerPawn)
[2021.07.12-18.21.02:849][508]LogTemp: Repeating last play command: 선택된 뷰포트
[2021.07.12-18.21.02:862][508]LogPlayLevel: PlayLevel: No blueprints needed recompiling
[2021.07.12-18.21.02:862][508]PIE: New page: PIE 세션: P_TestMap (2021. 7. 13. 오후 12:21:02)
[2021.07.12-18.21.02:863][508]LogPlayLevel: Creating play world package: /Game/Maps/UEDPIE_0_P_TestMap
[2021.07.12-18.21.02:866][508]LogPlayLevel: PIE: StaticDuplicateObject took: (0.003427s)
[2021.07.12-18.21.02:867][508]LogAIModule: Creating AISystem for world P_TestMap
[2021.07.12-18.21.02:867][508]LogPlayLevel: PIE: World Init took: (0.000839s)
[2021.07.12-18.21.02:868][508]LogPlayLevel: PIE: Created PIE world by copying editor world from /Game/Maps/P_TestMap.P_TestMap to /Game/Maps/UEDPIE_0_P_TestMap.P_TestMap (0.004988s)
[2021.07.12-18.21.02:974][508]LogInit: XAudio2 using 'Headphones(High Definition Audio Device)' : 2 channels at 48 kHz using 16 bits per sample (channel mask 0x3)
[2021.07.12-18.21.02:998][508]LogInit: FAudioDevice initialized.
[2021.07.12-18.21.03:033][508]LogLoad: Game class is 'GameModeBase'
[2021.07.12-18.21.03:035][508]LogWorld: Bringing World /Game/Maps/UEDPIE_0_P_TestMap.P_TestMap up for play (max tick rate 60) at 2021.07.13-03.21.03
[2021.07.12-18.21.03:038][508]LogWorld: Bringing up level for play took: 0.004400
[2021.07.12-18.21.03:042][508]PIE: /Game/Maps/UEDPIE_0_P_TestMap 에 대한 에디터에서 플레이 시작 시간: 0.514
[2021.07.12-18.21.10:518][936]LogTemp: Repeating last play command: 선택된 뷰포트
[2021.07.12-18.21.10:527][936]LogPlayLevel: PlayLevel: No blueprints needed recompiling
[2021.07.12-18.21.10:527][936]PIE: New page: PIE 세션: P_TestMap (2021. 7. 13. 오후 12:21:10)
[2021.07.12-18.21.10:528][936]LogPlayLevel: Creating play world package: /Game/Maps/UEDPIE_0_P_TestMap
[2021.07.12-18.21.10:530][936]LogPlayLevel: PIE: StaticDuplicateObject took: (0.002174s)
[2021.07.12-18.21.10:531][936]LogAIModule: Creating AISystem for world P_TestMap
[2021.07.12-18.21.10:532][936]LogPlayLevel: PIE: World Init took: (0.001703s)
[2021.07.12-18.21.10:532][936]LogPlayLevel: PIE: Created PIE world by copying editor world from /Game/Maps/P_TestMap.P_TestMap to /Game/Maps/UEDPIE_0_P_TestMap.P_TestMap (0.004574s)
[2021.07.12-18.21.10:637][936]LogInit: XAudio2 using 'Headphones(High Definition Audio Device)' : 2 channels at 48 kHz using 16 bits per sample (channel mask 0x3)
[2021.07.12-18.21.10:665][936]LogInit: FAudioDevice initialized.
[2021.07.12-18.21.10:697][936]LogLoad: Game class is 'GameModeBase'
[2021.07.12-18.21.10:699][936]LogWorld: Bringing World /Game/Maps/UEDPIE_0_P_TestMap.P_TestMap up for play (max tick rate 60) at 2021.07.13-03.21.10
[2021.07.12-18.21.10:700][936]LogWorld: Bringing up level for play took: 0.001343
[2021.07.12-18.21.10:701][936]PIE: /Game/Maps/UEDPIE_0_P_TestMap 에 대한 에디터에서 플레이 시작 시간: 0.172
[2021.07.12-18.21.13:612][ 92]LogEditorViewport: Clicking on Actor (LMB): BP_Sky_Sphere_C (Sky Sphere)
[2021.07.12-18.21.22:913][626]LogSavePackage: Save=27.04ms
[2021.07.12-18.21.22:914][626]LogSavePackage: Moving '../../../../../UE4PROJECT/NowProject/Udemy_MultiPractice/MultiPractice_2_Alpa/CoopGame/Saved/P_TestMapFB9612A6489220CDE645CB90871B273D.tmp' to '../../../../../UE4PROJECT/NowProject/Udemy_MultiPractice/MultiPractice_2_Alpa/CoopGame/Content/Maps/P_TestMap.umap'
[2021.07.12-18.21.22:916][626]LogSavePackage: Display: Finished SavePackage ../../../../../UE4PROJECT/NowProject/Udemy_MultiPractice/MultiPractice_2_Alpa/CoopGame/Content/Maps/P_TestMap.umap
[2021.07.12-18.21.22:945][626]LogSavePackage: Save=10.12ms
[2021.07.12-18.21.22:946][626]LogSavePackage: Moving '../../../../../UE4PROJECT/NowProject/Udemy_MultiPractice/MultiPractice_2_Alpa/CoopGame/Saved/P_TestMap_BuiltData363B810B46567E790EFEC48C4CCE7E11.tmp' to '../../../../../UE4PROJECT/NowProject/Udemy_MultiPractice/MultiPractice_2_Alpa/CoopGame/Content/Maps/P_TestMap_BuiltData.uasset'
[2021.07.12-18.21.22:947][626]LogSavePackage: Display: Finished SavePackage ../../../../../UE4PROJECT/NowProject/Udemy_MultiPractice/MultiPractice_2_Alpa/CoopGame/Content/Maps/P_TestMap_BuiltData.uasset
[2021.07.12-18.21.23:842][679]LogTemp: Repeating last play command: 선택된 뷰포트
[2021.07.12-18.21.23:853][679]LogPlayLevel: PlayLevel: No blueprints needed recompiling
[2021.07.12-18.21.23:854][679]PIE: New page: PIE 세션: P_TestMap (2021. 7. 13. 오후 12:21:23)
[2021.07.12-18.21.23:854][679]LogPlayLevel: Creating play world package: /Game/Maps/UEDPIE_0_P_TestMap
[2021.07.12-18.21.23:855][679]LogPlayLevel: PIE: StaticDuplicateObject took: (0.001449s)
[2021.07.12-18.21.23:857][679]LogAIModule: Creating AISystem for world P_TestMap
[2021.07.12-18.21.23:857][679]LogPlayLevel: PIE: World Init took: (0.001290s)
[2021.07.12-18.21.23:857][679]LogPlayLevel: PIE: Created PIE world by copying editor world from /Game/Maps/P_TestMap.P_TestMap to /Game/Maps/UEDPIE_0_P_TestMap.P_TestMap (0.003340s)
[2021.07.12-18.21.23:978][679]LogInit: XAudio2 using 'Headphones(High Definition Audio Device)' : 2 channels at 48 kHz using 16 bits per sample (channel mask 0x3)
[2021.07.12-18.21.24:002][679]LogInit: FAudioDevice initialized.
[2021.07.12-18.21.24:043][679]LogLoad: Game class is 'GameModeBase'
[2021.07.12-18.21.24:046][679]LogWorld: Bringing World /Game/Maps/UEDPIE_0_P_TestMap.P_TestMap up for play (max tick rate 60) at 2021.07.13-03.21.24
[2021.07.12-18.21.24:046][679]LogWorld: Bringing up level for play took: 0.001451
[2021.07.12-18.21.24:048][679]PIE: /Game/Maps/UEDPIE_0_P_TestMap 에 대한 에디터에서 플레이 시작 시간: -0.481
[2021.07.12-18.21.30:617][ 57]LogEditorViewport: Clicking on Actor (LMB): BP_PlayerPawn_C (BP_PlayerPawn)
[2021.07.12-18.21.39:899][138]LogTemp: Repeating last play command: 선택된 뷰포트
[2021.07.12-18.21.39:915][138]LogPlayLevel: PlayLevel: No blueprints needed recompiling
[2021.07.12-18.21.39:915][138]PIE: New page: PIE 세션: P_TestMap (2021. 7. 13. 오후 12:21:39)
[2021.07.12-18.21.39:916][138]LogPlayLevel: Creating play world package: /Game/Maps/UEDPIE_0_P_TestMap
[2021.07.12-18.21.39:918][138]LogPlayLevel: PIE: StaticDuplicateObject took: (0.002308s)
[2021.07.12-18.21.39:919][138]LogAIModule: Creating AISystem for world P_TestMap
[2021.07.12-18.21.39:919][138]LogPlayLevel: PIE: World Init took: (0.001102s)
[2021.07.12-18.21.39:920][138]LogPlayLevel: PIE: Created PIE world by copying editor world from /Game/Maps/P_TestMap.P_TestMap to /Game/Maps/UEDPIE_0_P_TestMap.P_TestMap (0.004062s)
[2021.07.12-18.21.40:068][138]LogInit: XAudio2 using 'Headphones(High Definition Audio Device)' : 2 channels at 48 kHz using 16 bits per sample (channel mask 0x3)
[2021.07.12-18.21.40:094][138]LogInit: FAudioDevice initialized.
[2021.07.12-18.21.40:130][138]LogLoad: Game class is 'GameModeBase'
[2021.07.12-18.21.40:132][138]LogWorld: Bringing World /Game/Maps/UEDPIE_0_P_TestMap.P_TestMap up for play (max tick rate 60) at 2021.07.13-03.21.40
[2021.07.12-18.21.40:133][138]LogWorld: Bringing up level for play took: 0.002069
[2021.07.12-18.21.40:134][138]PIE: /Game/Maps/UEDPIE_0_P_TestMap 에 대한 에디터에서 플레이 시작 시간: -0.395
[2021.07.12-18.23.34:039][924]LogTemp: Repeating last play command: 선택된 뷰포트
[2021.07.12-18.23.34:051][924]LogPlayLevel: PlayLevel: No blueprints needed recompiling
[2021.07.12-18.23.34:052][924]PIE: New page: PIE 세션: P_TestMap (2021. 7. 13. 오후 12:23:34)
[2021.07.12-18.23.34:052][924]LogPlayLevel: Creating play world package: /Game/Maps/UEDPIE_0_P_TestMap
[2021.07.12-18.23.34:056][924]LogPlayLevel: PIE: StaticDuplicateObject took: (0.003416s)
[2021.07.12-18.23.34:057][924]LogAIModule: Creating AISystem for world P_TestMap
[2021.07.12-18.23.34:057][924]LogPlayLevel: PIE: World Init took: (0.001529s)
[2021.07.12-18.23.34:058][924]LogPlayLevel: PIE: Created PIE world by copying editor world from /Game/Maps/P_TestMap.P_TestMap to /Game/Maps/UEDPIE_0_P_TestMap.P_TestMap (0.005580s)
[2021.07.12-18.23.34:207][924]LogInit: XAudio2 using 'Headphones(High Definition Audio Device)' : 2 channels at 48 kHz using 16 bits per sample (channel mask 0x3)
[2021.07.12-18.23.34:232][924]LogInit: FAudioDevice initialized.
[2021.07.12-18.23.34:266][924]LogLoad: Game class is 'GameModeBase'
[2021.07.12-18.23.34:269][924]LogWorld: Bringing World /Game/Maps/UEDPIE_0_P_TestMap.P_TestMap up for play (max tick rate 60) at 2021.07.13-03.23.34
[2021.07.12-18.23.34:269][924]LogWorld: Bringing up level for play took: 0.001475
[2021.07.12-18.23.34:270][924]PIE: /Game/Maps/UEDPIE_0_P_TestMap 에 대한 에디터에서 플레이 시작 시간: -0.258
[2021.07.12-18.25.54:877][502]LogTemp: Repeating last play command: 선택된 뷰포트
[2021.07.12-18.25.54:889][502]LogPlayLevel: PlayLevel: No blueprints needed recompiling
[2021.07.12-18.25.54:889][502]PIE: New page: PIE 세션: P_TestMap (2021. 7. 13. 오후 12:25:54)
[2021.07.12-18.25.54:889][502]LogPlayLevel: Creating play world package: /Game/Maps/UEDPIE_0_P_TestMap
[2021.07.12-18.25.54:891][502]LogPlayLevel: PIE: StaticDuplicateObject took: (0.002107s)
[2021.07.12-18.25.54:893][502]LogAIModule: Creating AISystem for world P_TestMap
[2021.07.12-18.25.54:893][502]LogPlayLevel: PIE: World Init took: (0.001352s)
[2021.07.12-18.25.54:893][502]LogPlayLevel: PIE: Created PIE world by copying editor world from /Game/Maps/P_TestMap.P_TestMap to /Game/Maps/UEDPIE_0_P_TestMap.P_TestMap (0.004016s)
[2021.07.12-18.25.55:026][502]LogInit: XAudio2 using 'Headphones(High Definition Audio Device)' : 2 channels at 48 kHz using 16 bits per sample (channel mask 0x3)
[2021.07.12-18.25.55:050][502]LogInit: FAudioDevice initialized.
[2021.07.12-18.25.55:089][502]LogLoad: Game class is 'GameModeBase'
[2021.07.12-18.25.55:092][502]LogWorld: Bringing World /Game/Maps/UEDPIE_0_P_TestMap.P_TestMap up for play (max tick rate 60) at 2021.07.13-03.25.55
[2021.07.12-18.25.55:092][502]LogWorld: Bringing up level for play took: 0.001265
[2021.07.12-18.25.55:093][502]PIE: /Game/Maps/UEDPIE_0_P_TestMap 에 대한 에디터에서 플레이 시작 시간: 0.564
[2021.07.12-18.26.02:529][945]AmbientCubemap=1
[2021.07.12-18.26.02:530][945]AmbientOcclusion=1
[2021.07.12-18.26.02:530][945]AntiAliasing=1
[2021.07.12-18.26.02:530][945]AtmosphericFog=1
[2021.07.12-18.26.02:530][945]AudioRadius=0
[2021.07.12-18.26.02:530][945]BillboardSprites=1
[2021.07.12-18.26.02:530][945]Bloom=1
[2021.07.12-18.26.02:530][945]Bones=0
[2021.07.12-18.26.02:530][945]Bounds=0
[2021.07.12-18.26.02:531][945]Brushes=0
[2021.07.12-18.26.02:531][945]BSP=1
[2021.07.12-18.26.02:531][945]BSPSplit=0
[2021.07.12-18.26.02:531][945]BSPTriangles=1
[2021.07.12-18.26.02:531][945]BuilderBrush=1
[2021.07.12-18.26.02:531][945]CameraAspectRatioBars=0
[2021.07.12-18.26.02:531][945]CameraFrustums=0
[2021.07.12-18.26.02:531][945]CameraImperfections=1
[2021.07.12-18.26.02:531][945]CameraInterpolation=1
[2021.07.12-18.26.02:532][945]CameraSafeFrames=0
[2021.07.12-18.26.02:532][945]Collision=0
[2021.07.12-18.26.02:532][945]CollisionPawn=0
[2021.07.12-18.26.02:532][945]CollisionVisibility=0
[2021.07.12-18.26.02:532][945]ColorGrading=1
[2021.07.12-18.26.02:532][945]CompositeEditorPrimitives=0
[2021.07.12-18.26.02:532][945]Constraints=0
[2021.07.12-18.26.02:532][945]ContactShadows=1
[2021.07.12-18.26.02:532][945]Cover=0
[2021.07.12-18.26.02:533][945]DebugAI=0
[2021.07.12-18.26.02:533][945]Decals=1
[2021.07.12-18.26.02:533][945]DeferredLighting=1
[2021.07.12-18.26.02:533][945]DepthOfField=1
[2021.07.12-18.26.02:533][945]Diffuse=1
[2021.07.12-18.26.02:533][945]DirectionalLights=1
[2021.07.12-18.26.02:533][945]DirectLighting=1
[2021.07.12-18.26.02:533][945]DistanceCulledPrimitives=0
[2021.07.12-18.26.02:533][945]DistanceFieldAO=1
[2021.07.12-18.26.02:533][945]DistanceFieldGI=1
[2021.07.12-18.26.02:533][945]DynamicShadows=1
[2021.07.12-18.26.02:533][945]Editor=0
[2021.07.12-18.26.02:533][945]EyeAdaptation=1
[2021.07.12-18.26.02:534][945]Fog=1
[2021.07.12-18.26.02:534][945]FoliageOcclusionBounds=0
[2021.07.12-18.26.02:534][945]ForceFeedbackRadius=1
[2021.07.12-18.26.02:534][945]Game=1
[2021.07.12-18.26.02:534][945]GameplayDebug=1
[2021.07.12-18.26.02:534][945]GBufferHints=0
[2021.07.12-18.26.02:534][945]GlobalIllumination=1
[2021.07.12-18.26.02:534][945]Grain=1
[2021.07.12-18.26.02:534][945]Grid=0
[2021.07.12-18.26.02:534][945]HighResScreenshotMask=0
[2021.07.12-18.26.02:534][945]HitProxies=0
[2021.07.12-18.26.02:534][945]HLODColoration=0
[2021.07.12-18.26.02:534][945]HMDDistortion=1
[2021.07.12-18.26.02:534][945]IndirectLightingCache=1
[2021.07.12-18.26.02:535][945]InstancedFoliage=1
[2021.07.12-18.26.02:535][945]InstancedGrass=1
[2021.07.12-18.26.02:535][945]InstancedStaticMeshes=1
[2021.07.12-18.26.02:535][945]Landscape=1
[2021.07.12-18.26.02:535][945]LargeVertices=0
[2021.07.12-18.26.02:535][945]LensFlares=1
[2021.07.12-18.26.02:535][945]LevelColoration=0
[2021.07.12-18.26.02:535][945]LightComplexity=0
[2021.07.12-18.26.02:535][945]LightFunctions=1
[2021.07.12-18.26.02:535][945]LightInfluences=0
[2021.07.12-18.26.02:535][945]Lighting=1
[2021.07.12-18.26.02:535][945]LightMapDensity=0
[2021.07.12-18.26.02:536][945]LightRadius=0
[2021.07.12-18.26.02:536][945]LightShafts=1
[2021.07.12-18.26.02:536][945]LOD=1
[2021.07.12-18.26.02:536][945]LODColoration=0
[2021.07.12-18.26.02:536][945]MassProperties=0
[2021.07.12-18.26.02:536][945]Materials=1
[2021.07.12-18.26.02:536][945]MaterialTextureScaleAccuracy=0
[2021.07.12-18.26.02:536][945]MeshEdges=0
[2021.07.12-18.26.02:536][945]MeshUVDensityAccuracy=0
[2021.07.12-18.26.02:536][945]ModeWidgets=0
[2021.07.12-18.26.02:536][945]MotionBlur=1
[2021.07.12-18.26.02:536][945]Navigation=0
[2021.07.12-18.26.02:536][945]OnScreenDebug=1
[2021.07.12-18.26.02:537][945]OutputMaterialTextureScales=0
[2021.07.12-18.26.02:537][945]OverrideDiffuseAndSpecular=0
[2021.07.12-18.26.02:537][945]Paper2DSprites=1
[2021.07.12-18.26.02:537][945]Particles=1
[2021.07.12-18.26.02:537][945]Pivot=0
[2021.07.12-18.26.02:537][945]PointLights=1
[2021.07.12-18.26.02:537][945]PostProcessing=1
[2021.07.12-18.26.02:537][945]PostProcessMaterial=1
[2021.07.12-18.26.02:537][945]PrecomputedVisibility=1
[2021.07.12-18.26.02:537][945]PrecomputedVisibilityCells=0
[2021.07.12-18.26.02:538][945]PreviewShadowsIndicator=1
[2021.07.12-18.26.02:538][945]PrimitiveDistanceAccuracy=0
[2021.07.12-18.26.02:538][945]PropertyColoration=0
[2021.07.12-18.26.02:538][945]QuadOverdraw=0
[2021.07.12-18.26.02:538][945]ReflectionEnvironment=1
[2021.07.12-18.26.02:538][945]ReflectionOverride=0
[2021.07.12-18.26.02:538][945]Refraction=1
[2021.07.12-18.26.02:538][945]Rendering=1
[2021.07.12-18.26.02:538][945]RequiredTextureResolution=0
[2021.07.12-18.26.02:539][945]SceneColorFringe=1
[2021.07.12-18.26.02:539][945]ScreenPercentage=1
[2021.07.12-18.26.02:539][945]ScreenSpaceAO=1
[2021.07.12-18.26.02:539][945]ScreenSpaceReflections=1
[2021.07.12-18.26.02:539][945]Selection=0
[2021.07.12-18.26.02:539][945]SelectionOutline=0
[2021.07.12-18.26.02:539][945]SeparateTranslucency=1
[2021.07.12-18.26.02:539][945]ShaderComplexity=0
[2021.07.12-18.26.02:539][945]ShaderComplexityWithQuadOverdraw=0
[2021.07.12-18.26.02:539][945]ShadowFrustums=0
[2021.07.12-18.26.02:539][945]SkeletalMeshes=1
[2021.07.12-18.26.02:540][945]SkyLighting=1
[2021.07.12-18.26.02:540][945]Snap=0
[2021.07.12-18.26.02:540][945]Specular=1
[2021.07.12-18.26.02:540][945]Splines=0
[2021.07.12-18.26.02:540][945]SpotLights=1
[2021.07.12-18.26.02:540][945]StaticMeshes=1
[2021.07.12-18.26.02:540][945]StationaryLightOverlap=0
[2021.07.12-18.26.02:540][945]StereoRendering=0
[2021.07.12-18.26.02:540][945]StreamingBounds=0
[2021.07.12-18.26.02:540][945]SubsurfaceScattering=1
[2021.07.12-18.26.02:540][945]TemporalAA=1
[2021.07.12-18.26.02:541][945]Tessellation=1
[2021.07.12-18.26.02:541][945]TestImage=0
[2021.07.12-18.26.02:541][945]TextRender=1
[2021.07.12-18.26.02:541][945]TexturedLightProfiles=1
[2021.07.12-18.26.02:541][945]Tonemapper=1
[2021.07.12-18.26.02:541][945]Translucency=1
[2021.07.12-18.26.02:541][945]VectorFields=0
[2021.07.12-18.26.02:541][945]VertexColors=0
[2021.07.12-18.26.02:541][945]Vignette=1
[2021.07.12-18.26.02:541][945]VisLog=1
[2021.07.12-18.26.02:541][945]VisualizeAdaptiveDOF=0
[2021.07.12-18.26.02:542][945]VisualizeBloom=0
[2021.07.12-18.26.02:542][945]VisualizeBuffer=0
[2021.07.12-18.26.02:542][945]VisualizeDistanceFieldAO=0
[2021.07.12-18.26.02:542][945]VisualizeDistanceFieldGI=0
[2021.07.12-18.26.02:542][945]VisualizeDOF=0
[2021.07.12-18.26.02:542][945]VisualizeGlobalDistanceField=0
[2021.07.12-18.26.02:542][945]VisualizeHDR=0
[2021.07.12-18.26.02:542][945]VisualizeLightCulling=0
[2021.07.12-18.26.02:542][945]VisualizeLPV=0
[2021.07.12-18.26.02:542][945]VisualizeMeshDistanceFields=0
[2021.07.12-18.26.02:542][945]VisualizeMotionBlur=0
[2021.07.12-18.26.02:542][945]VisualizeOutOfBoundsPixels=0
[2021.07.12-18.26.02:542][945]VisualizeSenses=1
[2021.07.12-18.26.02:542][945]VisualizeShadingModels=0
[2021.07.12-18.26.02:543][945]VisualizeSSR=0
[2021.07.12-18.26.02:543][945]VisualizeSSS=0
[2021.07.12-18.26.02:543][945]VolumeLightingSamples=0
[2021.07.12-18.26.02:543][945]Volumes=0
[2021.07.12-18.26.02:543][945]VolumetricFog=1
[2021.07.12-18.26.02:543][945]WidgetComponents=1
[2021.07.12-18.26.02:543][945]Wireframe=0
[2021.07.12-18.31.48:309][ 36]Candidate modules for hot reload:
[2021.07.12-18.31.48:309][ 36]  CoopGame
[2021.07.12-18.31.48:309][ 36]Launching UnrealBuildTool... [D:/UE4/UE_4.17/Engine/Binaries/DotNET/UnrealBuildTool.exe CoopGame -ModuleWithSuffix CoopGame 9589 Win64 Development -editorrecompile -canskiplink "D:/UE4PROJECT/NowProject/Udemy_MultiPractice/MultiPractice_2_Alpa/CoopGame/CoopGame.uproject" ]
[2021.07.12-18.31.48:318][ 36]Warning: Starting HotReload took  0.1s.
[2021.07.12-18.32.06:289][885]CompilerResultsLog: New page: 컴파일 - 2021. 7. 13. 오후 12:32:06
[2021.07.12-18.32.06:289][885]CompilerResultsLog: Compiling game modules for hot reload
[2021.07.12-18.32.06:289][885]CompilerResultsLog: Parsing headers for CoopGameEditor
[2021.07.12-18.32.06:289][885]CompilerResultsLog:   Running UnrealHeaderTool "D:\UE4PROJECT\NowProject\Udemy_MultiPractice\MultiPractice_2_Alpa\CoopGame\CoopGame.uproject" "D:\UE4PROJECT\NowProject\Udemy_MultiPractice\MultiPractice_2_Alpa\CoopGame\Intermediate\Build\Win64\CoopGameEditor\Development\CoopGameEditor.uhtmanifest" -LogCmds="loginit warning, logexit warning, logdatabase error" -Unattended -WarningsAsErrors -installed
[2021.07.12-18.32.06:290][885]CompilerResultsLog: Reflection code generated for CoopGameEditor in 8.9062531 seconds
[2021.07.12-18.32.06:290][885]CompilerResultsLog: Performing 5 actions (9 in parallel)
[2021.07.12-18.32.06:290][885]CompilerResultsLog: CoopGame.init.gen.cpp
[2021.07.12-18.32.06:290][885]CompilerResultsLog: SCharacter.gen.cpp
[2021.07.12-18.32.06:290][885]CompilerResultsLog: SCharacter.cpp
[2021.07.12-18.32.06:290][885]CompilerResultsLog: [4/5] Link UE4Editor-CoopGame-9589.dll
[2021.07.12-18.32.06:291][885]CompilerResultsLog: [5/5] Link UE4Editor-CoopGame-9589.lib
[2021.07.12-18.32.06:291][885]CompilerResultsLog:    D:\UE4PROJECT\NowProject\Udemy_MultiPractice\MultiPractice_2_Alpa\CoopGame\Intermediate\Build\Win64\UE4Editor\Development\UE4Editor-CoopGame-9589.lib ???̺귯?? ?? D:\UE4PROJECT\NowProject\Udemy_MultiPractice\MultiPractice_2_Alpa\CoopGame\Intermediate\Build\Win64\UE4Editor\Development\UE4Editor-CoopGame-9589.exp ??ü?? ?????ϰ? ?ֽ??ϴ?.
[2021.07.12-18.32.06:291][885]CompilerResultsLog:    D:\UE4PROJECT\NowProject\Udemy_MultiPractice\MultiPractice_2_Alpa\CoopGame\Intermediate\Build\Win64\UE4Editor\Development\UE4Editor-CoopGame-9589.suppressed.lib ???̺귯?? ?? D:\UE4PROJECT\NowProject\Udemy_MultiPractice\MultiPractice_2_Alpa\CoopGame\Intermediate\Build\Win64\UE4Editor\Development\UE4Editor-CoopGame-9589.suppressed.exp ??ü?? ?????ϰ? ?ֽ??ϴ?.
[2021.07.12-18.32.06:291][885]CompilerResultsLog: Total build time: 17.42 seconds (Local executor: 3.34 seconds)
[2021.07.12-18.32.06:291][885]LogMainFrame: MainFrame: Module compiling took 17.996 seconds
[2021.07.12-18.32.06:378][885]LogClass: Could not find existing class SCharacter in package /Script/CoopGame for HotReload, assuming new class
[2021.07.12-18.32.06:383][885]LogHotReload: Re-instancing SCharacter after hot-reload.
[2021.07.12-18.32.06:999][885]LogContentBrowser: Native class hierarchy updated for 'CoopGame' in 0.0027 seconds. Added 2 classes and 3 folders.
[2021.07.12-18.32.07:000][885]Display: HotReload successful (0 functions remapped  0 scriptstructs remapped)
[2021.07.12-18.32.07:275][885]LogContentBrowser: Native class hierarchy populated in 0.0103 seconds. Added 2390 classes and 507 folders.
[2021.07.12-18.32.07:275][885]Display: HotReload took 19.0s.
[2021.07.12-18.32.12:207][ 60]LogTemp: Repeating last play command: 선택된 뷰포트
[2021.07.12-18.32.12:219][ 60]LogPlayLevel: PlayLevel: No blueprints needed recompiling
[2021.07.12-18.32.12:220][ 60]PIE: New page: PIE 세션: P_TestMap (2021. 7. 13. 오후 12:32:12)
[2021.07.12-18.32.12:220][ 60]LogPlayLevel: Creating play world package: /Game/Maps/UEDPIE_0_P_TestMap
[2021.07.12-18.32.12:222][ 60]LogPlayLevel: PIE: StaticDuplicateObject took: (0.001731s)
[2021.07.12-18.32.12:223][ 60]LogAIModule: Creating AISystem for world P_TestMap
[2021.07.12-18.32.12:224][ 60]LogPlayLevel: PIE: World Init took: (0.001573s)
[2021.07.12-18.32.12:224][ 60]LogPlayLevel: PIE: Created PIE world by copying editor world from /Game/Maps/P_TestMap.P_TestMap to /Game/Maps/UEDPIE_0_P_TestMap.P_TestMap (0.003925s)
[2021.07.12-18.32.12:385][ 60]LogInit: XAudio2 using 'Headphones(High Definition Audio Device)' : 2 channels at 48 kHz using 16 bits per sample (channel mask 0x3)
[2021.07.12-18.32.12:409][ 60]LogInit: FAudioDevice initialized.
[2021.07.12-18.32.12:446][ 60]LogLoad: Game class is 'GameModeBase'
[2021.07.12-18.32.12:447][ 60]LogWorld: Bringing World /Game/Maps/UEDPIE_0_P_TestMap.P_TestMap up for play (max tick rate 60) at 2021.07.13-03.32.12
[2021.07.12-18.32.12:447][ 60]LogWorld: Bringing up level for play took: 0.001254
[2021.07.12-18.32.12:449][ 60]PIE: /Game/Maps/UEDPIE_0_P_TestMap 에 대한 에디터에서 플레이 시작 시간: -0.079
[2021.07.12-18.34.39:303][746]LogSavePackage: Save=39.36ms
[2021.07.12-18.34.39:303][746]LogSavePackage: Moving '../../../../../UE4PROJECT/NowProject/Udemy_MultiPractice/MultiPractice_2_Alpa/CoopGame/Saved/P_TestMap_Auto16E6B0398476301254111B98ADD88C55A.tmp' to '../../../../../UE4PROJECT/NowProject/Udemy_MultiPractice/MultiPractice_2_Alpa/CoopGame/Saved/Autosaves/Game/Maps/P_TestMap_Auto1.umap'
[2021.07.12-18.34.39:305][746]LogSavePackage: Display: Finished SavePackage ../../../../../UE4PROJECT/NowProject/Udemy_MultiPractice/MultiPractice_2_Alpa/CoopGame/Saved/Autosaves/Game/Maps/P_TestMap_Auto1.umap
[2021.07.12-18.34.39:307][746]LogFileHelpers: Editor autosave (incl. sublevels) for '/Game/Maps/P_TestMap' took 0.072
[2021.07.12-18.34.39:307][746]LogFileHelpers: Editor autosave (incl. sublevels) for all levels took 0.072
[2021.07.12-18.34.39:310][746]OBJ SavePackage: Generating thumbnails for [0] asset(s) in package [/Game/BluePrints/BP_PlayerPawn] ([1] browsable assets)...
[2021.07.12-18.34.39:311][746]OBJ SavePackage: Finished generating thumbnails for package [/Game/BluePrints/BP_PlayerPawn]
[2021.07.12-18.34.39:336][746]LogSavePackage: Save=21.13ms
[2021.07.12-18.34.39:336][746]LogSavePackage: Moving '../../../../../UE4PROJECT/NowProject/Udemy_MultiPractice/MultiPractice_2_Alpa/CoopGame/Saved/BP_PlayerPawn_Auto13D5AA40C47628007D1B687B5E3F4F0B0.tmp' to '../../../../../UE4PROJECT/NowProject/Udemy_MultiPractice/MultiPractice_2_Alpa/CoopGame/Saved/Autosaves/Game/BluePrints/BP_PlayerPawn_Auto1.uasset'
[2021.07.12-18.34.39:338][746]LogSavePackage: Display: Finished SavePackage ../../../../../UE4PROJECT/NowProject/Udemy_MultiPractice/MultiPractice_2_Alpa/CoopGame/Saved/Autosaves/Game/BluePrints/BP_PlayerPawn_Auto1.uasset
[2021.07.12-18.34.39:338][746]LogFileHelpers: Auto-saving content packages took 0.029
[2021.07.12-18.35.19:265][869]BlueprintLog: New page: BP_PlayerPawn 컴파일
[2021.07.12-18.35.20:264][869]LogSavePackage: Save=22.75ms
[2021.07.12-18.35.20:265][869]LogSavePackage: Moving '../../../../../UE4PROJECT/NowProject/Udemy_MultiPractice/MultiPractice_2_Alpa/CoopGame/Saved/BP_PlayerPawn4617C53248C139BF8E09279FFF05461D.tmp' to '../../../../../UE4PROJECT/NowProject/Udemy_MultiPractice/MultiPractice_2_Alpa/CoopGame/Content/BluePrints/BP_PlayerPawn.uasset'
[2021.07.12-18.35.20:267][869]LogSavePackage: Display: Finished SavePackage ../../../../../UE4PROJECT/NowProject/Udemy_MultiPractice/MultiPractice_2_Alpa/CoopGame/Content/BluePrints/BP_PlayerPawn.uasset
[2021.07.12-18.35.26:176][207]LogSavePackage: Save=27.17ms
[2021.07.12-18.35.26:176][207]LogSavePackage: Moving '../../../../../UE4PROJECT/NowProject/Udemy_MultiPractice/MultiPractice_2_Alpa/CoopGame/Saved/P_TestMap9C51F2B7431B258C794F92BD0EE7C38B.tmp' to '../../../../../UE4PROJECT/NowProject/Udemy_MultiPractice/MultiPractice_2_Alpa/CoopGame/Content/Maps/P_TestMap.umap'
[2021.07.12-18.35.26:179][207]LogSavePackage: Display: Finished SavePackage ../../../../../UE4PROJECT/NowProject/Udemy_MultiPractice/MultiPractice_2_Alpa/CoopGame/Content/Maps/P_TestMap.umap
[2021.07.12-18.35.26:205][207]LogSavePackage: Save=6.89ms
[2021.07.12-18.35.26:205][207]LogSavePackage: Moving '../../../../../UE4PROJECT/NowProject/Udemy_MultiPractice/MultiPractice_2_Alpa/CoopGame/Saved/P_TestMap_BuiltData826D4D04478545749A1924807D1DDABD.tmp' to '../../../../../UE4PROJECT/NowProject/Udemy_MultiPractice/MultiPractice_2_Alpa/CoopGame/Content/Maps/P_TestMap_BuiltData.uasset'
[2021.07.12-18.35.26:207][207]LogSavePackage: Display: Finished SavePackage ../../../../../UE4PROJECT/NowProject/Udemy_MultiPractice/MultiPractice_2_Alpa/CoopGame/Content/Maps/P_TestMap_BuiltData.uasset
[2021.07.12-18.35.30:823][479]LogWindowsTextInputMethodSystem: Display: IME system now activated using TSF (Microsoft 입력기).
[2021.07.12-18.35.31:066][480]Cmd: QUIT_EDITOR
[2021.07.12-18.35.32:031][480]LogExit: Preparing to exit.
[2021.07.12-18.35.33:162][480]LogDirectoryWatcher: A directory notification for 'D:/UE4PROJECT/NowProject/Udemy_MultiPractice/MultiPractice_2_Alpa/CoopGame/Content/' was aborted.
[2021.07.12-18.35.33:203][480]LogExit: Editor shut down
[2021.07.12-18.35.33:218][480]LogExit: Transaction tracking system shut down
